This is pdfTeX, Version 3.14159265-2.6-1.40.17 (MiKTeX 2.9 64-bit) (preloaded format=pdflatex 2016.6.29)  29 JAN 2017 10:34
entering extended mode
**./Untitled.tex
(Untitled.tex
LaTeX2e <2016/03/31> patch level 1
Babel <3.9r> and hyphenation patterns for 75 language(s) loaded.
("C:\Applications\MiKTeX 2.9\tex\latex\base\article.cls"
Document Class: article 2014/09/29 v1.4h Standard LaTeX document class
("C:\Applications\MiKTeX 2.9\tex\latex\base\size10.clo"
File: size10.clo 2014/09/29 v1.4h Standard LaTeX file (size option)
)
\c@part=\count79
\c@section=\count80
\c@subsection=\count81
\c@subsubsection=\count82
\c@paragraph=\count83
\c@subparagraph=\count84
\c@figure=\count85
\c@table=\count86
\abovecaptionskip=\skip41
\belowcaptionskip=\skip42
\bibindent=\dimen102
)
("C:\Applications\MiKTeX 2.9\tex\latex\graphics\graphicx.sty"
Package: graphicx 2014/10/28 v1.0g Enhanced LaTeX Graphics (DPC,SPQR)

("C:\Applications\MiKTeX 2.9\tex\latex\graphics\keyval.sty"
Package: keyval 2014/10/28 v1.15 key=value parser (DPC)
\KV@toks@=\toks14
)
("C:\Applications\MiKTeX 2.9\tex\latex\graphics\graphics.sty"
Package: graphics 2016/06/02 v1.0s Standard LaTeX Graphics (DPC,SPQR)

("C:\Applications\MiKTeX 2.9\tex\latex\graphics\trig.sty"
Package: trig 2016/01/03 v1.10 sin cos tan (DPC)
)
("C:\Applications\MiKTeX 2.9\tex\latex\00miktex\graphics.cfg"
File: graphics.cfg 2016/06/04 v1.11 sample graphics configuration
)
Package graphics Info: Driver file: pdftex.def on input line 99.

("C:\Applications\MiKTeX 2.9\tex\latex\pdftex-def\pdftex.def"
File: pdftex.def 2016/06/17 v0.06h Graphics/color for pdfTeX

("C:\Applications\MiKTeX 2.9\tex\generic\oberdiek\infwarerr.sty"
Package: infwarerr 2016/05/16 v1.4 Providing info/warning/error messages (HO)
)
("C:\Applications\MiKTeX 2.9\tex\generic\oberdiek\ltxcmds.sty"
Package: ltxcmds 2016/05/16 v1.23 LaTeX kernel commands for general use (HO)
)
\Gread@gobject=\count87
))
\Gin@req@height=\dimen103
\Gin@req@width=\dimen104
)
("C:\Applications\MiKTeX 2.9\tex\latex\graphics\color.sty"
Package: color 2016/06/02 v1.1d Standard LaTeX Color (DPC)

("C:\Applications\MiKTeX 2.9\tex\latex\00miktex\color.cfg"
File: color.cfg 2016/01/02 v1.6 sample color configuration
)
Package color Info: Driver file: pdftex.def on input line 147.
) (Untitled.aux)
\openout1 = `Untitled.aux'.

LaTeX Font Info:    Checking defaults for OML/cmm/m/it on input line 13.
LaTeX Font Info:    ... okay on input line 13.
LaTeX Font Info:    Checking defaults for T1/cmr/m/n on input line 13.
LaTeX Font Info:    ... okay on input line 13.
LaTeX Font Info:    Checking defaults for OT1/cmr/m/n on input line 13.
LaTeX Font Info:    ... okay on input line 13.
LaTeX Font Info:    Checking defaults for OMS/cmsy/m/n on input line 13.
LaTeX Font Info:    ... okay on input line 13.
LaTeX Font Info:    Checking defaults for OMX/cmex/m/n on input line 13.
LaTeX Font Info:    ... okay on input line 13.
LaTeX Font Info:    Checking defaults for U/cmr/m/n on input line 13.
LaTeX Font Info:    ... okay on input line 13.

("C:\Applications\MiKTeX 2.9\tex\context\base\supp-pdf.mkii"
[Loading MPS to PDF converter (version 2006.09.02).]
\scratchcounter=\count88
\scratchdimen=\dimen105
\scratchbox=\box26
\nofMPsegments=\count89
\nofMParguments=\count90
\everyMPshowfont=\toks15
\MPscratchCnt=\count91
\MPscratchDim=\dimen106
\MPnumerator=\count92
\makeMPintoPDFobject=\count93
\everyMPtoPDFconversion=\toks16
) ("C:\Applications\MiKTeX 2.9\tex\generic\oberdiek\pdftexcmds.sty"
Package: pdftexcmds 2016/05/21 v0.22 Utility functions of pdfTeX for LuaTeX (HO
)

("C:\Applications\MiKTeX 2.9\tex\generic\oberdiek\ifluatex.sty"
Package: ifluatex 2016/05/16 v1.4 Provides the ifluatex switch (HO)
Package ifluatex Info: LuaTeX not detected.
)
("C:\Applications\MiKTeX 2.9\tex\generic\oberdiek\ifpdf.sty"
Package: ifpdf 2016/05/14 v3.1 Provides the ifpdf switch
)
Package pdftexcmds Info: LuaTeX not detected.
Package pdftexcmds Info: \pdf@primitive is available.
Package pdftexcmds Info: \pdf@ifprimitive is available.
Package pdftexcmds Info: \pdfdraftmode found.
)
("C:\Applications\MiKTeX 2.9\tex\latex\oberdiek\epstopdf-base.sty"
Package: epstopdf-base 2016/05/15 v2.6 Base part for package epstopdf

("C:\Applications\MiKTeX 2.9\tex\latex\oberdiek\grfext.sty"
Package: grfext 2016/05/16 v1.2 Manage graphics extensions (HO)

("C:\Applications\MiKTeX 2.9\tex\generic\oberdiek\kvdefinekeys.sty"
Package: kvdefinekeys 2016/05/16 v1.4 Define keys (HO)
))
("C:\Applications\MiKTeX 2.9\tex\latex\oberdiek\kvoptions.sty"
Package: kvoptions 2016/05/16 v3.12 Key value format for package options (HO)

("C:\Applications\MiKTeX 2.9\tex\generic\oberdiek\kvsetkeys.sty"
Package: kvsetkeys 2016/05/16 v1.17 Key value parser (HO)

("C:\Applications\MiKTeX 2.9\tex\generic\oberdiek\etexcmds.sty"
Package: etexcmds 2016/05/16 v1.6 Avoid name clashes with e-TeX commands (HO)
Package etexcmds Info: Could not find \expanded.
(etexcmds)             That can mean that you are not using pdfTeX 1.50 or
(etexcmds)             that some package has redefined \expanded.
(etexcmds)             In the latter case, load this package earlier.
)))
Package epstopdf-base Info: Redefining graphics rule for `.eps' on input line 4
38.
Package grfext Info: Graphics extension search list:
(grfext)             [.png,.pdf,.jpg,.mps,.jpeg,.jbig2,.jb2,.PNG,.PDF,.JPG,.JPE
G,.JBIG2,.JB2,.eps]
(grfext)             \AppendGraphicsExtensions on input line 456.
)
Overfull \hbox (179.99542pt too wide) in paragraph at lines 112--112
[]        \OT1/cmtt/m/n/10 plot(Net_NGMD.Node(k).Pos(t,2),Net_NGMD.Node(k).Pos(
t,1),'*','MarkerSize',10,'color','red');[] 
 []


Overfull \hbox (179.99542pt too wide) in paragraph at lines 112--112
[]        \OT1/cmtt/m/n/10 plot(Net_NGMD.Node(k).Pos(t,2),Net_NGMD.Node(k).Pos(
t,1),'*','MarkerSize',10,'color','red');[] 
 []


Overfull \hbox (179.99542pt too wide) in paragraph at lines 112--112
[]        \OT1/cmtt/m/n/10 plot(Net_NGMD.Node(k).Pos(t,2),Net_NGMD.Node(k).Pos(
t,1),'*','MarkerSize',10,'color','red');[] 
 []

[1

{C:/Users/Reza/AppData/Local/MiKTeX/2.9/pdftex/config/pdftex.map}]
Overfull \hbox (179.99542pt too wide) in paragraph at lines 112--112
[]        \OT1/cmtt/m/n/10 plot(Net_NGMD.Node(k).Pos(t,2),Net_NGMD.Node(k).Pos(
t,1),'*','MarkerSize',10,'color','red');[] 
 []


Overfull \hbox (179.99542pt too wide) in paragraph at lines 112--112
[]        \OT1/cmtt/m/n/10 plot(Net_NGMD.Node(k).Pos(t,2),Net_NGMD.Node(k).Pos(
t,1),'*','MarkerSize',10,'color','red');[] 
 []


Overfull \hbox (179.99542pt too wide) in paragraph at lines 112--112
[]        \OT1/cmtt/m/n/10 plot(Net_NGMD.Node(k).Pos(t,2),Net_NGMD.Node(k).Pos(
t,1),'*','MarkerSize',10,'color','red');[] 
 []


Overfull \hbox (447.74309pt too wide) in paragraph at lines 112--112
[]\OT1/cmtt/m/n/10 % [0 0 0 1 1 1 1 0 0 0 0 0 1 1 1 1 1 1 1 0 0 0 0 0 1 1 1 0 0
 0 0 1 1 1 1 0 0 0 0 0 1 1 1 1 1 1 1 0 0 0 0 0 0 0 0 0 0 0 0 0 0 0 0 0 0 0 0 0 
0 0 0 0 0 0][] 
 []


Overfull \hbox (1145.987pt too wide) in paragraph at lines 112--112
[]\OT1/cmtt/m/n/10 hold on; area([3 6], [1 1],'FaceColor',c,'LineStyle','none')
;  area([12 18], [1 1],'FaceColor',c,'LineStyle','none');  area([24 26], [1 1],
'FaceColor',c,'LineStyle','none');  area([31 34], [1 1],'FaceColor',c,'LineStyl
e','none'); area([40 46], [1 1],'FaceColor',c,'LineStyle','none');[] 
 []


Overfull \hbox (48.74657pt too wide) in paragraph at lines 112--112
[]\OT1/cmtt/m/n/10 p1 = plot(0:70,PM_NGMD_CEN.BCS(5,:)); p2 = plot(0:70,PM_NGCF
_CEN.BCS(5,:));[] 
 []


Overfull \hbox (1145.987pt too wide) in paragraph at lines 112--112
[]\OT1/cmtt/m/n/10 hold on; area([3 6], [1 1],'FaceColor',c,'LineStyle','none')
;  area([12 18], [1 1],'FaceColor',c,'LineStyle','none');  area([24 26], [1 1],
'FaceColor',c,'LineStyle','none');  area([31 34], [1 1],'FaceColor',c,'LineStyl
e','none'); area([40 46], [1 1],'FaceColor',c,'LineStyle','none');[] 
 []


Overfull \hbox (53.99652pt too wide) in paragraph at lines 112--112
[]\OT1/cmtt/m/n/10 p1 = plot(0:70,PM_NGMD_CEN.BCS(3,:)) ; p2 = plot(0:70,PM_NGC
F_CEN.BCS(3,:));[] 
 []


Overfull \hbox (1145.987pt too wide) in paragraph at lines 112--112
[]\OT1/cmtt/m/n/10 hold on; area([3 6], [1 1],'FaceColor',c,'LineStyle','none')
;  area([12 18], [1 1],'FaceColor',c,'LineStyle','none');  area([24 26], [1 1],
'FaceColor',c,'LineStyle','none');  area([31 34], [1 1],'FaceColor',c,'LineStyl
e','none'); area([40 46], [1 1],'FaceColor',c,'LineStyle','none');[] 
 []


Overfull \hbox (43.49661pt too wide) in paragraph at lines 112--112
[]\OT1/cmtt/m/n/10 p1 = plot(0:70,PM_NGMD_CEN.meanBCS);  p2 = plot(0:70,PM_NGCF
_CEN.meanBCS);[] 
 []

[2]
Overfull \hbox (1.49698pt too wide) in paragraph at lines 112--112
[]\OT1/cmtt/m/n/10 ylabel('$\mathbf{E}(D_B(P^*,\tilde{P}^i))$','Interpreter','L
atex')[] 
 []

Package epstopdf Info: Source file: <Untitled_01.eps>
(epstopdf)                    date: 2017-01-29 10:32:29
(epstopdf)                    size: 394548 bytes
(epstopdf)             Output file: <Untitled_01-eps-converted-to.pdf>
(epstopdf)                    date: 2017-01-29 10:33:31
(epstopdf)                    size: 20333 bytes
(epstopdf)             Command: <epstopdf --outfile=Untitled_01-eps-converted-t
o.pdf Untitled_01.eps>
(epstopdf)             \includegraphics on input line 114.
Package epstopdf Info: Output file is already uptodate.
<Untitled_01-eps-converted-to.pdf, id=10, 367.3725pt x 296.10625pt>
File: Untitled_01-eps-converted-to.pdf Graphic file (type pdf)

<use Untitled_01-eps-converted-to.pdf>
Package pdftex.def Info: Untitled_01-eps-converted-to.pdf used on input line 11
4.
(pdftex.def)             Requested size: 361.34999pt x 291.27103pt.

Overfull \hbox (16.34999pt too wide) in paragraph at lines 114--115
[][] 
 []

[3 <./Untitled_01-eps-converted-to.pdf>] (Untitled.aux) ) 
Here is how much of TeX's memory you used:
 1510 strings out of 493335
 21432 string characters out of 3139693
 84153 words of memory out of 3000000
 5055 multiletter control sequences out of 15000+200000
 3808 words of font info for 15 fonts, out of 3000000 for 9000
 1141 hyphenation exceptions out of 8191
 40i,5n,25p,302b,240s stack positions out of 5000i,500n,10000p,200000b,50000s
<C:/Applications/MiKTe
X 2.9/fonts/type1/public/amsfonts/cm/cmr10.pfb><C:/Applications/MiKTeX 2.9/font
s/type1/public/amsfonts/cm/cmtt10.pfb>
Output written on Untitled.pdf (3 pages, 49752 bytes).
PDF statistics:
 48 PDF objects out of 1000 (max. 8388607)
 0 named destinations out of 1000 (max. 500000)
 6 words of extra memory for PDF output out of 10000 (max. 10000000)

