This is pdfTeX, Version 3.14159265-2.6-1.40.16 (TeX Live 2015/Debian) (preloaded format=pdflatex 2017.8.23)  5 DEC 2017 12:35
entering extended mode
 restricted \write18 enabled.
 %&-line parsing enabled.
**MRS.tex
(./MRS.tex
LaTeX2e <2016/02/01>
Babel <3.9q> and hyphenation patterns for 3 language(s) loaded.
(/usr/share/texlive/texmf-dist/tex/latex/beamer/beamer.cls
(/usr/share/texlive/texmf-dist/tex/latex/beamer/beamerbasercs.sty
Package: beamerbasercs 2015/03/08 (rcs-revision 368aa9ba9d38)
)
Document Class: beamer 2015/01/05 3.36 A class for typesetting presentations (r
cs-revision 8a39122e1f63)
(/usr/share/texlive/texmf-dist/tex/latex/beamer/beamerbasemodes.sty
Package: beamerbasemodes 2013/09/03 (rcs-revision 768f2d98ca64)
\beamer@tempbox=\box26
\beamer@tempcount=\count79
\c@beamerpauses=\count80

(/usr/share/texlive/texmf-dist/tex/latex/beamer/beamerbasedecode.sty
Package: beamerbasedecode 2010/05/01 (rcs-revision efa082c6111d)
\beamer@slideinframe=\count81
\beamer@minimum=\count82
)
\beamer@commentbox=\box27
\beamer@modecount=\count83
)
(/usr/share/texlive/texmf-dist/tex/generic/oberdiek/ifpdf.sty
Package: ifpdf 2011/01/30 v2.3 Provides the ifpdf switch (HO)
Package ifpdf Info: pdfTeX in PDF mode is detected.
)
\headheight=\dimen102
\headdp=\dimen103
\footheight=\dimen104
\sidebarheight=\dimen105
\beamer@tempdim=\dimen106
\beamer@finalheight=\dimen107
\beamer@animht=\dimen108
\beamer@animdp=\dimen109
\beamer@animwd=\dimen110
\beamer@leftmargin=\dimen111
\beamer@rightmargin=\dimen112
\beamer@leftsidebar=\dimen113
\beamer@rightsidebar=\dimen114
\beamer@boxsize=\dimen115
\beamer@vboxoffset=\dimen116
\beamer@descdefault=\dimen117
\beamer@descriptionwidth=\dimen118
\beamer@lastskip=\skip41
\beamer@areabox=\box28
\beamer@animcurrent=\box29
\beamer@animshowbox=\box30
\beamer@sectionbox=\box31
\beamer@logobox=\box32
\beamer@linebox=\box33
\beamer@sectioncount=\count84
\beamer@subsubsectionmax=\count85
\beamer@subsectionmax=\count86
\beamer@sectionmax=\count87
\beamer@totalheads=\count88
\beamer@headcounter=\count89
\beamer@partstartpage=\count90
\beamer@sectionstartpage=\count91
\beamer@subsectionstartpage=\count92
\beamer@animationtempa=\count93
\beamer@animationtempb=\count94
\beamer@xpos=\count95
\beamer@ypos=\count96
\beamer@showpartnumber=\count97
\beamer@currentsubsection=\count98
\beamer@coveringdepth=\count99
\beamer@sectionadjust=\count100
\beamer@tocsectionnumber=\count101

(/usr/share/texlive/texmf-dist/tex/latex/beamer/beamerbaseoptions.sty
Package: beamerbaseoptions 2013/03/10 (rcs-revision 47431932db0d)

(/usr/share/texlive/texmf-dist/tex/latex/graphics/keyval.sty
Package: keyval 2014/10/28 v1.15 key=value parser (DPC)
\KV@toks@=\toks14
))
\beamer@paperwidth=\skip42
\beamer@paperheight=\skip43

(/usr/share/texlive/texmf-dist/tex/latex/geometry/geometry.sty
Package: geometry 2010/09/12 v5.6 Page Geometry

(/usr/share/texlive/texmf-dist/tex/generic/oberdiek/ifvtex.sty
Package: ifvtex 2010/03/01 v1.5 Detect VTeX and its facilities (HO)
Package ifvtex Info: VTeX not detected.
)
(/usr/share/texlive/texmf-dist/tex/generic/ifxetex/ifxetex.sty
Package: ifxetex 2010/09/12 v0.6 Provides ifxetex conditional
)
\Gm@cnth=\count102
\Gm@cntv=\count103
\c@Gm@tempcnt=\count104
\Gm@bindingoffset=\dimen119
\Gm@wd@mp=\dimen120
\Gm@odd@mp=\dimen121
\Gm@even@mp=\dimen122
\Gm@layoutwidth=\dimen123
\Gm@layoutheight=\dimen124
\Gm@layouthoffset=\dimen125
\Gm@layoutvoffset=\dimen126
\Gm@dimlist=\toks15
)
(/usr/share/texlive/texmf-dist/tex/latex/base/size11.clo
File: size11.clo 2014/09/29 v1.4h Standard LaTeX file (size option)
)
(/usr/share/texlive/texmf-dist/tex/latex/pgf/basiclayer/pgfcore.sty
(/usr/share/texlive/texmf-dist/tex/latex/graphics/graphicx.sty
Package: graphicx 2014/10/28 v1.0g Enhanced LaTeX Graphics (DPC,SPQR)

(/usr/share/texlive/texmf-dist/tex/latex/graphics/graphics.sty
Package: graphics 2016/01/03 v1.0q Standard LaTeX Graphics (DPC,SPQR)

(/usr/share/texlive/texmf-dist/tex/latex/graphics/trig.sty
Package: trig 2016/01/03 v1.10 sin cos tan (DPC)
)
(/usr/share/texlive/texmf-dist/tex/latex/latexconfig/graphics.cfg
File: graphics.cfg 2010/04/23 v1.9 graphics configuration of TeX Live
)
Package graphics Info: Driver file: pdftex.def on input line 95.

(/usr/share/texlive/texmf-dist/tex/latex/pdftex-def/pdftex.def
File: pdftex.def 2011/05/27 v0.06d Graphics/color for pdfTeX

(/usr/share/texlive/texmf-dist/tex/generic/oberdiek/infwarerr.sty
Package: infwarerr 2010/04/08 v1.3 Providing info/warning/error messages (HO)
)
(/usr/share/texlive/texmf-dist/tex/generic/oberdiek/ltxcmds.sty
Package: ltxcmds 2011/11/09 v1.22 LaTeX kernel commands for general use (HO)
)
\Gread@gobject=\count105
))
\Gin@req@height=\dimen127
\Gin@req@width=\dimen128
)
(/usr/share/texlive/texmf-dist/tex/latex/pgf/systemlayer/pgfsys.sty
(/usr/share/texlive/texmf-dist/tex/latex/pgf/utilities/pgfrcs.sty
(/usr/share/texlive/texmf-dist/tex/generic/pgf/utilities/pgfutil-common.tex
\pgfutil@everybye=\toks16
\pgfutil@tempdima=\dimen129
\pgfutil@tempdimb=\dimen130

(/usr/share/texlive/texmf-dist/tex/generic/pgf/utilities/pgfutil-common-lists.t
ex)) (/usr/share/texlive/texmf-dist/tex/generic/pgf/utilities/pgfutil-latex.def
\pgfutil@abb=\box34
(/usr/share/texlive/texmf-dist/tex/latex/ms/everyshi.sty
Package: everyshi 2001/05/15 v3.00 EveryShipout Package (MS)
))
(/usr/share/texlive/texmf-dist/tex/generic/pgf/utilities/pgfrcs.code.tex
Package: pgfrcs 2015/08/07 v3.0.1a (rcs-revision 1.31)
))
(/usr/share/texlive/texmf-dist/tex/generic/pgf/systemlayer/pgfsys.code.tex
Package: pgfsys 2014/07/09 v3.0.1a (rcs-revision 1.48)

(/usr/share/texlive/texmf-dist/tex/generic/pgf/utilities/pgfkeys.code.tex
\pgfkeys@pathtoks=\toks17
\pgfkeys@temptoks=\toks18

(/usr/share/texlive/texmf-dist/tex/generic/pgf/utilities/pgfkeysfiltered.code.t
ex
\pgfkeys@tmptoks=\toks19
))
\pgf@x=\dimen131
\pgf@y=\dimen132
\pgf@xa=\dimen133
\pgf@ya=\dimen134
\pgf@xb=\dimen135
\pgf@yb=\dimen136
\pgf@xc=\dimen137
\pgf@yc=\dimen138
\w@pgf@writea=\write3
\r@pgf@reada=\read1
\c@pgf@counta=\count106
\c@pgf@countb=\count107
\c@pgf@countc=\count108
\c@pgf@countd=\count109
\t@pgf@toka=\toks20
\t@pgf@tokb=\toks21
\t@pgf@tokc=\toks22
 (/usr/share/texlive/texmf-dist/tex/generic/pgf/systemlayer/pgf.cfg
File: pgf.cfg 2008/05/14  (rcs-revision 1.7)
)
Driver file for pgf: pgfsys-pdftex.def

(/usr/share/texlive/texmf-dist/tex/generic/pgf/systemlayer/pgfsys-pdftex.def
File: pgfsys-pdftex.def 2014/10/11  (rcs-revision 1.35)

(/usr/share/texlive/texmf-dist/tex/generic/pgf/systemlayer/pgfsys-common-pdf.de
f
File: pgfsys-common-pdf.def 2013/10/10  (rcs-revision 1.13)
)))
(/usr/share/texlive/texmf-dist/tex/generic/pgf/systemlayer/pgfsyssoftpath.code.
tex
File: pgfsyssoftpath.code.tex 2013/09/09  (rcs-revision 1.9)
\pgfsyssoftpath@smallbuffer@items=\count110
\pgfsyssoftpath@bigbuffer@items=\count111
)
(/usr/share/texlive/texmf-dist/tex/generic/pgf/systemlayer/pgfsysprotocol.code.
tex
File: pgfsysprotocol.code.tex 2006/10/16  (rcs-revision 1.4)
)) (/usr/share/texlive/texmf-dist/tex/latex/xcolor/xcolor.sty
Package: xcolor 2007/01/21 v2.11 LaTeX color extensions (UK)

(/usr/share/texlive/texmf-dist/tex/latex/latexconfig/color.cfg
File: color.cfg 2007/01/18 v1.5 color configuration of teTeX/TeXLive
)
Package xcolor Info: Driver file: pdftex.def on input line 225.
Package xcolor Info: Model `cmy' substituted by `cmy0' on input line 1337.
Package xcolor Info: Model `hsb' substituted by `rgb' on input line 1341.
Package xcolor Info: Model `RGB' extended on input line 1353.
Package xcolor Info: Model `HTML' substituted by `rgb' on input line 1355.
Package xcolor Info: Model `Hsb' substituted by `hsb' on input line 1356.
Package xcolor Info: Model `tHsb' substituted by `hsb' on input line 1357.
Package xcolor Info: Model `HSB' substituted by `hsb' on input line 1358.
Package xcolor Info: Model `Gray' substituted by `gray' on input line 1359.
Package xcolor Info: Model `wave' substituted by `hsb' on input line 1360.
)
(/usr/share/texlive/texmf-dist/tex/generic/pgf/basiclayer/pgfcore.code.tex
Package: pgfcore 2010/04/11 v3.0.1a (rcs-revision 1.7)

(/usr/share/texlive/texmf-dist/tex/generic/pgf/math/pgfmath.code.tex
(/usr/share/texlive/texmf-dist/tex/generic/pgf/math/pgfmathcalc.code.tex
(/usr/share/texlive/texmf-dist/tex/generic/pgf/math/pgfmathutil.code.tex)
(/usr/share/texlive/texmf-dist/tex/generic/pgf/math/pgfmathparser.code.tex
\pgfmath@dimen=\dimen139
\pgfmath@count=\count112
\pgfmath@box=\box35
\pgfmath@toks=\toks23
\pgfmath@stack@operand=\toks24
\pgfmath@stack@operation=\toks25
)
(/usr/share/texlive/texmf-dist/tex/generic/pgf/math/pgfmathfunctions.code.tex
(/usr/share/texlive/texmf-dist/tex/generic/pgf/math/pgfmathfunctions.basic.code
.tex)
(/usr/share/texlive/texmf-dist/tex/generic/pgf/math/pgfmathfunctions.trigonomet
ric.code.tex)
(/usr/share/texlive/texmf-dist/tex/generic/pgf/math/pgfmathfunctions.random.cod
e.tex)
(/usr/share/texlive/texmf-dist/tex/generic/pgf/math/pgfmathfunctions.comparison
.code.tex)
(/usr/share/texlive/texmf-dist/tex/generic/pgf/math/pgfmathfunctions.base.code.
tex)
(/usr/share/texlive/texmf-dist/tex/generic/pgf/math/pgfmathfunctions.round.code
.tex)
(/usr/share/texlive/texmf-dist/tex/generic/pgf/math/pgfmathfunctions.misc.code.
tex)
(/usr/share/texlive/texmf-dist/tex/generic/pgf/math/pgfmathfunctions.integerari
thmetics.code.tex)))
(/usr/share/texlive/texmf-dist/tex/generic/pgf/math/pgfmathfloat.code.tex
\c@pgfmathroundto@lastzeros=\count113
))
(/usr/share/texlive/texmf-dist/tex/generic/pgf/basiclayer/pgfcorepoints.code.te
x
File: pgfcorepoints.code.tex 2013/10/07  (rcs-revision 1.27)
\pgf@picminx=\dimen140
\pgf@picmaxx=\dimen141
\pgf@picminy=\dimen142
\pgf@picmaxy=\dimen143
\pgf@pathminx=\dimen144
\pgf@pathmaxx=\dimen145
\pgf@pathminy=\dimen146
\pgf@pathmaxy=\dimen147
\pgf@xx=\dimen148
\pgf@xy=\dimen149
\pgf@yx=\dimen150
\pgf@yy=\dimen151
\pgf@zx=\dimen152
\pgf@zy=\dimen153
)
(/usr/share/texlive/texmf-dist/tex/generic/pgf/basiclayer/pgfcorepathconstruct.
code.tex
File: pgfcorepathconstruct.code.tex 2013/10/07  (rcs-revision 1.29)
\pgf@path@lastx=\dimen154
\pgf@path@lasty=\dimen155
)
(/usr/share/texlive/texmf-dist/tex/generic/pgf/basiclayer/pgfcorepathusage.code
.tex
File: pgfcorepathusage.code.tex 2014/11/02  (rcs-revision 1.24)
\pgf@shorten@end@additional=\dimen156
\pgf@shorten@start@additional=\dimen157
)
(/usr/share/texlive/texmf-dist/tex/generic/pgf/basiclayer/pgfcorescopes.code.te
x
File: pgfcorescopes.code.tex 2015/05/08  (rcs-revision 1.46)
\pgfpic=\box36
\pgf@hbox=\box37
\pgf@layerbox@main=\box38
\pgf@picture@serial@count=\count114
)
(/usr/share/texlive/texmf-dist/tex/generic/pgf/basiclayer/pgfcoregraphicstate.c
ode.tex
File: pgfcoregraphicstate.code.tex 2014/11/02  (rcs-revision 1.12)
\pgflinewidth=\dimen158
)
(/usr/share/texlive/texmf-dist/tex/generic/pgf/basiclayer/pgfcoretransformation
s.code.tex
File: pgfcoretransformations.code.tex 2015/08/07  (rcs-revision 1.20)
\pgf@pt@x=\dimen159
\pgf@pt@y=\dimen160
\pgf@pt@temp=\dimen161
)
(/usr/share/texlive/texmf-dist/tex/generic/pgf/basiclayer/pgfcorequick.code.tex
File: pgfcorequick.code.tex 2008/10/09  (rcs-revision 1.3)
)
(/usr/share/texlive/texmf-dist/tex/generic/pgf/basiclayer/pgfcoreobjects.code.t
ex
File: pgfcoreobjects.code.tex 2006/10/11  (rcs-revision 1.2)
)
(/usr/share/texlive/texmf-dist/tex/generic/pgf/basiclayer/pgfcorepathprocessing
.code.tex
File: pgfcorepathprocessing.code.tex 2013/09/09  (rcs-revision 1.9)
)
(/usr/share/texlive/texmf-dist/tex/generic/pgf/basiclayer/pgfcorearrows.code.te
x
File: pgfcorearrows.code.tex 2015/05/14  (rcs-revision 1.43)
\pgfarrowsep=\dimen162
)
(/usr/share/texlive/texmf-dist/tex/generic/pgf/basiclayer/pgfcoreshade.code.tex
File: pgfcoreshade.code.tex 2013/07/15  (rcs-revision 1.15)
\pgf@max=\dimen163
\pgf@sys@shading@range@num=\count115
)
(/usr/share/texlive/texmf-dist/tex/generic/pgf/basiclayer/pgfcoreimage.code.tex
File: pgfcoreimage.code.tex 2013/07/15  (rcs-revision 1.18)

(/usr/share/texlive/texmf-dist/tex/generic/pgf/basiclayer/pgfcoreexternal.code.
tex
File: pgfcoreexternal.code.tex 2014/07/09  (rcs-revision 1.21)
\pgfexternal@startupbox=\box39
))
(/usr/share/texlive/texmf-dist/tex/generic/pgf/basiclayer/pgfcorelayers.code.te
x
File: pgfcorelayers.code.tex 2013/07/18  (rcs-revision 1.7)
)
(/usr/share/texlive/texmf-dist/tex/generic/pgf/basiclayer/pgfcoretransparency.c
ode.tex
File: pgfcoretransparency.code.tex 2013/09/30  (rcs-revision 1.5)
)
(/usr/share/texlive/texmf-dist/tex/generic/pgf/basiclayer/pgfcorepatterns.code.
tex
File: pgfcorepatterns.code.tex 2013/11/07  (rcs-revision 1.5)
))) (/usr/share/texlive/texmf-dist/tex/latex/pgf/utilities/xxcolor.sty
Package: xxcolor 2003/10/24 ver 0.1
\XC@nummixins=\count116
\XC@countmixins=\count117
)
(/usr/share/texlive/texmf-dist/tex/generic/oberdiek/atbegshi.sty
Package: atbegshi 2011/10/05 v1.16 At begin shipout hook (HO)
)
(/usr/share/texlive/texmf-dist/tex/latex/hyperref/hyperref.sty
Package: hyperref 2012/11/06 v6.83m Hypertext links for LaTeX

(/usr/share/texlive/texmf-dist/tex/generic/oberdiek/hobsub-hyperref.sty
Package: hobsub-hyperref 2012/05/28 v1.13 Bundle oberdiek, subset hyperref (HO)


(/usr/share/texlive/texmf-dist/tex/generic/oberdiek/hobsub-generic.sty
Package: hobsub-generic 2012/05/28 v1.13 Bundle oberdiek, subset generic (HO)
Package: hobsub 2012/05/28 v1.13 Construct package bundles (HO)
Package hobsub Info: Skipping package `infwarerr' (already loaded).
Package hobsub Info: Skipping package `ltxcmds' (already loaded).
Package: ifluatex 2010/03/01 v1.3 Provides the ifluatex switch (HO)
Package ifluatex Info: LuaTeX not detected.
Package hobsub Info: Skipping package `ifvtex' (already loaded).
Package: intcalc 2007/09/27 v1.1 Expandable calculations with integers (HO)
Package hobsub Info: Skipping package `ifpdf' (already loaded).
Package: etexcmds 2011/02/16 v1.5 Avoid name clashes with e-TeX commands (HO)
Package etexcmds Info: Could not find \expanded.
(etexcmds)             That can mean that you are not using pdfTeX 1.50 or
(etexcmds)             that some package has redefined \expanded.
(etexcmds)             In the latter case, load this package earlier.
Package: kvsetkeys 2012/04/25 v1.16 Key value parser (HO)
Package: kvdefinekeys 2011/04/07 v1.3 Define keys (HO)
Package: pdftexcmds 2011/11/29 v0.20 Utility functions of pdfTeX for LuaTeX (HO
)
Package pdftexcmds Info: LuaTeX not detected.
Package pdftexcmds Info: \pdf@primitive is available.
Package pdftexcmds Info: \pdf@ifprimitive is available.
Package pdftexcmds Info: \pdfdraftmode found.
Package: pdfescape 2011/11/25 v1.13 Implements pdfTeX's escape features (HO)
Package: bigintcalc 2012/04/08 v1.3 Expandable calculations on big integers (HO
)
Package: bitset 2011/01/30 v1.1 Handle bit-vector datatype (HO)
Package: uniquecounter 2011/01/30 v1.2 Provide unlimited unique counter (HO)
)
Package hobsub Info: Skipping package `hobsub' (already loaded).
Package: letltxmacro 2010/09/02 v1.4 Let assignment for LaTeX macros (HO)
Package: hopatch 2012/05/28 v1.2 Wrapper for package hooks (HO)
Package: xcolor-patch 2011/01/30 xcolor patch
Package: atveryend 2011/06/30 v1.8 Hooks at the very end of document (HO)
Package atveryend Info: \enddocument detected (standard20110627).
Package hobsub Info: Skipping package `atbegshi' (already loaded).
Package: refcount 2011/10/16 v3.4 Data extraction from label references (HO)
Package: hycolor 2011/01/30 v1.7 Color options for hyperref/bookmark (HO)
)
(/usr/share/texlive/texmf-dist/tex/latex/oberdiek/auxhook.sty
Package: auxhook 2011/03/04 v1.3 Hooks for auxiliary files (HO)
)
(/usr/share/texlive/texmf-dist/tex/latex/oberdiek/kvoptions.sty
Package: kvoptions 2011/06/30 v3.11 Key value format for package options (HO)
)
\@linkdim=\dimen164
\Hy@linkcounter=\count118
\Hy@pagecounter=\count119

(/usr/share/texlive/texmf-dist/tex/latex/hyperref/pd1enc.def
File: pd1enc.def 2012/11/06 v6.83m Hyperref: PDFDocEncoding definition (HO)
)
\Hy@SavedSpaceFactor=\count120

(/usr/share/texlive/texmf-dist/tex/latex/latexconfig/hyperref.cfg
File: hyperref.cfg 2002/06/06 v1.2 hyperref configuration of TeXLive
)
Package hyperref Info: Option `bookmarks' set `true' on input line 4319.
Package hyperref Info: Option `bookmarksopen' set `true' on input line 4319.
Package hyperref Info: Option `implicit' set `false' on input line 4319.
Package hyperref Info: Hyper figures OFF on input line 4443.
Package hyperref Info: Link nesting OFF on input line 4448.
Package hyperref Info: Hyper index ON on input line 4451.
Package hyperref Info: Plain pages OFF on input line 4458.
Package hyperref Info: Backreferencing OFF on input line 4463.
Package hyperref Info: Implicit mode OFF; no redefinition of LaTeX internals.
Package hyperref Info: Bookmarks ON on input line 4688.
\c@Hy@tempcnt=\count121

(/usr/share/texlive/texmf-dist/tex/latex/url/url.sty
\Urlmuskip=\muskip10
Package: url 2013/09/16  ver 3.4  Verb mode for urls, etc.
)
LaTeX Info: Redefining \url on input line 5041.
\XeTeXLinkMargin=\dimen165
\Fld@menulength=\count122
\Field@Width=\dimen166
\Fld@charsize=\dimen167
Package hyperref Info: Hyper figures OFF on input line 6295.
Package hyperref Info: Link nesting OFF on input line 6300.
Package hyperref Info: Hyper index ON on input line 6303.
Package hyperref Info: backreferencing OFF on input line 6310.
Package hyperref Info: Link coloring OFF on input line 6315.
Package hyperref Info: Link coloring with OCG OFF on input line 6320.
Package hyperref Info: PDF/A mode OFF on input line 6325.
LaTeX Info: Redefining \ref on input line 6365.
LaTeX Info: Redefining \pageref on input line 6369.
\Hy@abspage=\count123


Package hyperref Message: Stopped early.

)

Package hyperref Message: Driver (autodetected): hpdftex.

(/usr/share/texlive/texmf-dist/tex/latex/hyperref/hpdftex.def
File: hpdftex.def 2012/11/06 v6.83m Hyperref driver for pdfTeX
\Fld@listcount=\count124
\c@bookmark@seq@number=\count125

(/usr/share/texlive/texmf-dist/tex/latex/oberdiek/rerunfilecheck.sty
Package: rerunfilecheck 2011/04/15 v1.7 Rerun checks for auxiliary files (HO)
Package uniquecounter Info: New unique counter `rerunfilecheck' on input line 2
82.
))
(/usr/share/texlive/texmf-dist/tex/latex/beamer/beamerbaserequires.sty
Package: beamerbaserequires 2010/05/01  (rcs-revision efa082c6111d)

(/usr/share/texlive/texmf-dist/tex/latex/beamer/beamerbasecompatibility.sty
Package: beamerbasecompatibility 2012/05/01  (rcs-revision 67c48b3b652d)
)
(/usr/share/texlive/texmf-dist/tex/latex/beamer/beamerbasefont.sty
Package: beamerbasefont 2015/01/05  (rcs-revision b4b4bee242e2)

(/usr/share/texlive/texmf-dist/tex/latex/amsfonts/amssymb.sty
Package: amssymb 2013/01/14 v3.01 AMS font symbols

(/usr/share/texlive/texmf-dist/tex/latex/amsfonts/amsfonts.sty
Package: amsfonts 2013/01/14 v3.01 Basic AMSFonts support
\@emptytoks=\toks26
\symAMSa=\mathgroup4
\symAMSb=\mathgroup5
LaTeX Font Info:    Overwriting math alphabet `\mathfrak' in version `bold'
(Font)                  U/euf/m/n --> U/euf/b/n on input line 106.
)))
(/usr/share/texlive/texmf-dist/tex/latex/beamer/beamerbasetranslator.sty
Package: beamerbasetranslator 2010/06/11  (rcs-revision 85fd1cc7fc42)

(/usr/share/texlive/texmf-dist/tex/latex/beamer/translator/translator.sty
Package: translator 2010/06/12 ver 1.10

(/usr/share/texlive/texmf-dist/tex/latex/beamer/translator/translator-language-
mappings.tex)))
(/usr/share/texlive/texmf-dist/tex/latex/beamer/beamerbasemisc.sty
Package: beamerbasemisc 2013/09/03  (rcs-revision a55719c41d85)
)
(/usr/share/texlive/texmf-dist/tex/latex/beamer/beamerbasetwoscreens.sty
Package: beamerbasetwoscreens 2010/05/01  (rcs-revision efa082c6111d)
)
(/usr/share/texlive/texmf-dist/tex/latex/beamer/beamerbaseoverlay.sty
Package: beamerbaseoverlay 2013/12/25  (rcs-revision f6bd5e3805da)
\beamer@argscount=\count126
\beamer@lastskipcover=\skip44
\beamer@trivlistdepth=\count127
)
(/usr/share/texlive/texmf-dist/tex/latex/beamer/beamerbasetitle.sty
Package: beamerbasetitle 2010/09/21  (rcs-revision f0446ed0b6ae)
)
(/usr/share/texlive/texmf-dist/tex/latex/beamer/beamerbasesection.sty
Package: beamerbasesection 2013/06/07  (rcs-revision 60b9fe0f342f)
\c@lecture=\count128
\c@part=\count129
\c@section=\count130
\c@subsection=\count131
\c@subsubsection=\count132
)
(/usr/share/texlive/texmf-dist/tex/latex/beamer/beamerbaseframe.sty
Package: beamerbaseframe 2014/02/20  (rcs-revision 4b8ceeeff434)
\beamer@framebox=\box40
\beamer@frametitlebox=\box41
\beamer@zoombox=\box42
\beamer@zoomcount=\count133
\beamer@zoomframecount=\count134
\beamer@frametextheight=\dimen168
\c@subsectionslide=\count135
\beamer@frametopskip=\skip45
\beamer@framebottomskip=\skip46
\beamer@frametopskipautobreak=\skip47
\beamer@framebottomskipautobreak=\skip48
\beamer@envbody=\toks27
\framewidth=\dimen169
\c@framenumber=\count136
)
(/usr/share/texlive/texmf-dist/tex/latex/beamer/beamerbaseverbatim.sty
Package: beamerbaseverbatim 2015/01/05  (rcs-revision 431510bb5890)
\beamer@verbatimfileout=\write4
)
(/usr/share/texlive/texmf-dist/tex/latex/beamer/beamerbaseframesize.sty
Package: beamerbaseframesize 2011/09/12  (rcs-revision 70f9d8411e54)
\beamer@splitbox=\box43
\beamer@autobreakcount=\count137
\beamer@autobreaklastheight=\dimen170
\beamer@frametitletoks=\toks28
\beamer@framesubtitletoks=\toks29
)
(/usr/share/texlive/texmf-dist/tex/latex/beamer/beamerbaseframecomponents.sty
Package: beamerbaseframecomponents 2013/10/18  (rcs-revision 5cf6c5555a45)
\beamer@footins=\box44
)
(/usr/share/texlive/texmf-dist/tex/latex/beamer/beamerbasecolor.sty
Package: beamerbasecolor 2015/02/21  (rcs-revision d944b04ee2d5)
)
(/usr/share/texlive/texmf-dist/tex/latex/beamer/beamerbasenotes.sty
Package: beamerbasenotes 2012/12/19  (rcs-revision 1686da3db3c9)
\beamer@frameboxcopy=\box45
)
(/usr/share/texlive/texmf-dist/tex/latex/beamer/beamerbasetoc.sty
Package: beamerbasetoc 2015/03/08  (rcs-revision 7270298bbaae)
)
(/usr/share/texlive/texmf-dist/tex/latex/beamer/beamerbasetemplates.sty
Package: beamerbasetemplates 2010/05/01  (rcs-revision efa082c6111d)
\beamer@sbttoks=\toks30

(/usr/share/texlive/texmf-dist/tex/latex/beamer/beamerbaseauxtemplates.sty
Package: beamerbaseauxtemplates 2014/06/30  (rcs-revision 580088513a67)

(/usr/share/texlive/texmf-dist/tex/latex/beamer/beamerbaseboxes.sty
Package: beamerbaseboxes 2012/05/13  (rcs-revision 56972908a390)
\bmb@box=\box46
\bmb@colorbox=\box47
\bmb@boxshadow=\box48
\bmb@boxshadowball=\box49
\bmb@boxshadowballlarge=\box50
\bmb@temp=\dimen171
\bmb@dima=\dimen172
\bmb@dimb=\dimen173
\bmb@prevheight=\dimen174
)
\beamer@blockheadheight=\dimen175
))
(/usr/share/texlive/texmf-dist/tex/latex/beamer/beamerbaselocalstructure.sty
Package: beamerbaselocalstructure 2014/09/10  (rcs-revision 393f6dcff371)

(/usr/share/texlive/texmf-dist/tex/latex/tools/enumerate.sty
Package: enumerate 2015/07/23 v3.00 enumerate extensions (DPC)
\@enLab=\toks31
)
\c@figure=\count138
\c@table=\count139
\abovecaptionskip=\skip49
\belowcaptionskip=\skip50
)
(/usr/share/texlive/texmf-dist/tex/latex/beamer/beamerbasenavigation.sty
Package: beamerbasenavigation 2015/02/27  (rcs-revision 923f4bf87efa)
\beamer@section@min@dim=\dimen176
)
(/usr/share/texlive/texmf-dist/tex/latex/beamer/beamerbasetheorems.sty
Package: beamerbasetheorems 2010/06/06  (rcs-revision 7e7cc5e53e9d)

(/usr/share/texlive/texmf-dist/tex/latex/amsmath/amsmath.sty
Package: amsmath 2016/03/03 v2.15a AMS math features
\@mathmargin=\skip51

For additional information on amsmath, use the `?' option.
(/usr/share/texlive/texmf-dist/tex/latex/amsmath/amstext.sty
Package: amstext 2000/06/29 v2.01 AMS text

(/usr/share/texlive/texmf-dist/tex/latex/amsmath/amsgen.sty
File: amsgen.sty 1999/11/30 v2.0 generic functions
\@emptytoks=\toks32
\ex@=\dimen177
))
(/usr/share/texlive/texmf-dist/tex/latex/amsmath/amsbsy.sty
Package: amsbsy 1999/11/29 v1.2d Bold Symbols
\pmbraise@=\dimen178
)
(/usr/share/texlive/texmf-dist/tex/latex/amsmath/amsopn.sty
Package: amsopn 1999/12/14 v2.01 operator names
)
\inf@bad=\count140
LaTeX Info: Redefining \frac on input line 199.
\uproot@=\count141
\leftroot@=\count142
LaTeX Info: Redefining \overline on input line 297.
\classnum@=\count143
\DOTSCASE@=\count144
LaTeX Info: Redefining \ldots on input line 394.
LaTeX Info: Redefining \dots on input line 397.
LaTeX Info: Redefining \cdots on input line 518.
\Mathstrutbox@=\box51
\strutbox@=\box52
\big@size=\dimen179
LaTeX Font Info:    Redeclaring font encoding OML on input line 630.
LaTeX Font Info:    Redeclaring font encoding OMS on input line 631.
\macc@depth=\count145
\c@MaxMatrixCols=\count146
\dotsspace@=\muskip11
\c@parentequation=\count147
\dspbrk@lvl=\count148
\tag@help=\toks33
\row@=\count149
\column@=\count150
\maxfields@=\count151
\andhelp@=\toks34
\eqnshift@=\dimen180
\alignsep@=\dimen181
\tagshift@=\dimen182
\tagwidth@=\dimen183
\totwidth@=\dimen184
\lineht@=\dimen185
\@envbody=\toks35
\multlinegap=\skip52
\multlinetaggap=\skip53
\mathdisplay@stack=\toks36
LaTeX Info: Redefining \[ on input line 2735.
LaTeX Info: Redefining \] on input line 2736.
)
(/usr/share/texlive/texmf-dist/tex/latex/amscls/amsthm.sty
Package: amsthm 2015/03/04 v2.20.2
\thm@style=\toks37
\thm@bodyfont=\toks38
\thm@headfont=\toks39
\thm@notefont=\toks40
\thm@headpunct=\toks41
\thm@preskip=\skip54
\thm@postskip=\skip55
\thm@headsep=\skip56
\dth@everypar=\toks42
)
\c@theorem=\count152
)
(/usr/share/texlive/texmf-dist/tex/latex/beamer/beamerbasethemes.sty
Package: beamerbasethemes 2010/05/01  (rcs-revision efa082c6111d)
))
(/usr/share/texlive/texmf-dist/tex/latex/beamer/themes/theme/beamerthemedefault
.sty
Package: beamerthemedefault 2010/06/17  (rcs-revision d02a7cf4d8ae)

(/usr/share/texlive/texmf-dist/tex/latex/beamer/themes/font/beamerfontthemedefa
ult.sty
Package: beamerfontthemedefault 2012/12/19  (rcs-revision 1686da3db3c9)
)
(/usr/share/texlive/texmf-dist/tex/latex/beamer/themes/color/beamercolorthemede
fault.sty
Package: beamercolorthemedefault 2012/12/19  (rcs-revision 1686da3db3c9)
)
(/usr/share/texlive/texmf-dist/tex/latex/beamer/themes/inner/beamerinnerthemede
fault.sty
Package: beamerinnerthemedefault 2014/06/30  (rcs-revision 580088513a67)
\beamer@dima=\dimen186
\beamer@dimb=\dimen187
)
(/usr/share/texlive/texmf-dist/tex/latex/beamer/themes/outer/beamerouterthemede
fault.sty
Package: beamerouterthemedefault 2012/12/19  (rcs-revision 1686da3db3c9)
)))
(/usr/share/texlive/texmf-dist/tex/latex/beamer/themes/theme/beamerthemeMadrid.
sty
Package: beamerthemeMadrid 2010/06/17  (rcs-revision d02a7cf4d8ae)

(/usr/share/texlive/texmf-dist/tex/latex/beamer/themes/color/beamercolorthemewh
ale.sty
Package: beamercolorthemewhale 2010/06/17  (rcs-revision d02a7cf4d8ae)
)
(/usr/share/texlive/texmf-dist/tex/latex/beamer/themes/color/beamercolorthemeor
chid.sty
Package: beamercolorthemeorchid 2010/06/17  (rcs-revision d02a7cf4d8ae)
)
(/usr/share/texlive/texmf-dist/tex/latex/beamer/themes/inner/beamerinnerthemero
unded.sty
Package: beamerinnerthemerounded 2010/06/17  (rcs-revision d02a7cf4d8ae)
)
(/usr/share/texlive/texmf-dist/tex/latex/beamer/themes/outer/beamerouterthemein
folines.sty
Package: beamerouterthemeinfolines 2012/10/16  (rcs-revision 51a8c72084af)
))
(/usr/share/texlive/texmf-dist/tex/latex/algorithm2e/algorithm2e.sty
Package: algorithm2e 2013/01/06 v5.00 algorithms environments
\c@AlgoLine=\count153

(/usr/share/texlive/texmf-dist/tex/latex/base/ifthen.sty
Package: ifthen 2014/09/29 v1.1c Standard LaTeX ifthen package (DPC)
)
\algocf@hangindent=\skip57

(/usr/share/texlive/texmf-dist/tex/latex/tools/xspace.sty
Package: xspace 2014/10/28 v1.13 Space after command names (DPC,MH)
)
********************************************************
Package `algorithm2e' Release 5.1 -- october 19 2015 --
- algorithm2e-announce@lirmm.fr mailing list for announcement about releases
- algorithm2e-discussion@lirmm.fr mailing list for discussion about package
subscribe by emailing sympa@lirmm.fr with 'subscribe <list> <firstname name>'
- Author: Christophe Fiorio (christophe.fiorio@umontpellier.fr)
********************************************************
\skiptotal=\skip58
\skiplinenumber=\skip59
\skiprule=\skip60
\skiphlne=\skip61
\skiptext=\skip62
\skiplength=\skip63
\algomargin=\skip64
\skipalgocfslide=\skip65
\algowidth=\dimen188
\inoutsize=\dimen189
\inoutindent=\dimen190
\interspacetitleruled=\dimen191
\interspacealgoruled=\dimen192
\interspacetitleboxruled=\dimen193
\algocf@ruledwidth=\skip66
\algocf@inoutbox=\box53
\algocf@inputbox=\box54
\AlCapSkip=\skip67
\AlCapHSkip=\skip68
\algoskipindent=\skip69
\algocf@nlbox=\box55
\algocf@hangingbox=\box56
\algocf@untilbox=\box57
\algocf@skipuntil=\skip70
\algocf@capbox=\box58
\algoheightruledefault=\skip71
\algoheightrule=\skip72
\algotitleheightruledefault=\skip73
\algotitleheightrule=\skip74
\c@algocfline=\count154
\c@algocfproc=\count155
\c@algocf=\count156
\algocf@algoframe=\box59
\algocf@algobox=\box60
) (/usr/share/texlive/texmf-dist/tex/latex/tools/array.sty
Package: array 2014/10/28 v2.4c Tabular extension package (FMi)
\col@sep=\dimen194
\extrarowheight=\dimen195
\NC@list=\toks43
\extratabsurround=\skip75
\backup@length=\skip76
)
(/usr/share/texlive/texmf-dist/tex/latex/algorithmicx/algpseudocode.sty
Package: algpseudocode 

(/usr/share/texlive/texmf-dist/tex/latex/algorithmicx/algorithmicx.sty
Package: algorithmicx 2005/04/27 v1.2 Algorithmicx

Document Style algorithmicx 1.2 - a greatly improved `algorithmic' style
\c@ALG@line=\count157
\c@ALG@rem=\count158
\c@ALG@nested=\count159
\ALG@tlm=\skip77
\ALG@thistlm=\skip78
\c@ALG@Lnr=\count160
\c@ALG@blocknr=\count161
\c@ALG@storecount=\count162
\c@ALG@tmpcounter=\count163
\ALG@tmplength=\skip79
)
Document Style - pseudocode environments for use with the `algorithmicx' style
) (/usr/share/texlive/texmf-dist/tex/latex/natbib/natbib.sty
Package: natbib 2010/09/13 8.31b (PWD, AO)
\bibhang=\skip80
\bibsep=\skip81
LaTeX Info: Redefining \cite on input line 694.
\c@NAT@ctr=\count164
)
(/usr/share/texlive/texmf-dist/tex/latex/svg/svg.sty
Package: svg 2012/09/05 v1.0 SVG inclusion and extraction

(/usr/share/texlive/texmf-dist/tex/latex/xkeyval/xkeyval.sty
Package: xkeyval 2014/12/03 v2.7a package option processing (HA)

(/usr/share/texlive/texmf-dist/tex/generic/xkeyval/xkeyval.tex
(/usr/share/texlive/texmf-dist/tex/generic/xkeyval/xkvutils.tex
\XKV@toks=\toks44
\XKV@tempa@toks=\toks45
)
\XKV@depth=\count165
File: xkeyval.tex 2014/12/03 v2.7a key=value parser (HA)
))
(/usr/share/texlive/texmf-dist/tex/latex/subfig/subfig.sty
Package: subfig 2005/06/28 ver: 1.3 subfig package

(/usr/share/texlive/texmf-dist/tex/latex/caption/caption.sty
Package: caption 2016/02/21 v3.3-144 Customizing captions (AR)

(/usr/share/texlive/texmf-dist/tex/latex/caption/caption3.sty
Package: caption3 2016/02/04 v1.7-139 caption3 kernel (AR)
Package caption3 Info: TeX engine: e-TeX on input line 67.
\captionmargin=\dimen196
\captionmargin@=\dimen197
\captionwidth=\dimen198
\caption@tempdima=\dimen199
\caption@indent=\dimen256
\caption@parindent=\dimen257
\caption@hangindent=\dimen258
)
\c@ContinuedFloat=\count166
Package caption Info: beamer document class.
Package caption Info: hyperref package is loaded.
Package caption Info: Hyperref support is turned off
(caption)             because hyperref has stopped early.
)
\c@KVtest=\count167
\sf@farskip=\skip82
\sf@captopadj=\dimen259
\sf@capskip=\skip83
\sf@nearskip=\skip84
\c@subfigure=\count168
\c@subfigure@save=\count169
\c@depth=\count170
\c@subtable=\count171
\c@subtable@save=\count172
\sf@top=\skip85
\sf@bottom=\skip86
)
(/usr/share/texlive/texmf-dist/tex/latex/import/import.sty
Package: import 2009/03/23  v 5.1
)
(/usr/share/texlive/texmf-dist/tex/latex/oberdiek/transparent.sty
Package: transparent 2007/01/08 v1.0 Transparency via pdfTeX's color stack (HO)

)
\SVG@out@width=\skip87
\SVG@out@height=\skip88
\c@svgfigure=\count173
)
(/usr/share/texlive/texmf-dist/tex/latex/float/float.sty
Package: float 2001/11/08 v1.3d Float enhancements (AL)
\c@float@type=\count174
\float@exts=\toks46
\float@box=\box61
\@float@everytoks=\toks47
\@floatcapt=\box62
)
(/usr/share/texlive/texmf-dist/tex/latex/mathtools/empheq.sty
Package: empheq 2014/07/16 v2.14 Emphasizing equations

(/usr/share/texlive/texmf-dist/tex/latex/mathtools/mhsetup.sty
Package: mhsetup 2010/01/21 v1.2a programming setup (MH)
)
(/usr/share/texlive/texmf-dist/tex/latex/mathtools/mathtools.sty
Package: mathtools 2015/11/12 v1.18 mathematical typesetting tools

(/usr/share/texlive/texmf-dist/tex/latex/tools/calc.sty
Package: calc 2014/10/28 v4.3 Infix arithmetic (KKT,FJ)
\calc@Acount=\count175
\calc@Bcount=\count176
\calc@Adimen=\dimen260
\calc@Bdimen=\dimen261
\calc@Askip=\skip89
\calc@Bskip=\skip90
LaTeX Info: Redefining \setlength on input line 80.
LaTeX Info: Redefining \addtolength on input line 81.
\calc@Ccount=\count177
\calc@Cskip=\skip91
)
LaTeX Info: Thecontrolsequence`\('isalreadyrobust on input line 129.
LaTeX Info: Thecontrolsequence`\)'isalreadyrobust on input line 129.
LaTeX Info: Thecontrolsequence`\['isalreadyrobust on input line 129.
LaTeX Info: Thecontrolsequence`\]'isalreadyrobust on input line 129.
\g_MT_multlinerow_int=\count178
\l_MT_multwidth_dim=\dimen262
\origjot=\skip92
\l_MT_shortvdotswithinadjustabove_dim=\dimen263
\l_MT_shortvdotswithinadjustbelow_dim=\dimen264
\l_MT_above_intertext_sep=\dimen265
\l_MT_below_intertext_sep=\dimen266
\l_MT_above_shortintertext_sep=\dimen267
\l_MT_below_shortintertext_sep=\dimen268
)
\l_EQ_equationtype_int=\count179
\l_EQ_alignmentmode_int=\count180
\l_EQ_totalwidth_dim=\dimen269
\l_EQ_displaywidth_dim=\dimen270
\l_EQ_temp_linewidth_dim=\dimen271
\EmphEqdelimitershortfall=\dimen272
\EmphEqdelimiterfactor=\count181
\g_EQ_toptag_height_dim=\dimen273
\g_EQ_bottomtag_depth_dim=\dimen274
\g_EQ_toprow_height_dim=\dimen275
\g_EQ_bottomrow_depth_dim=\dimen276
\g_EQ_widesttag_dim=\dimen277
\EQ_mathdisplay_box=\box63
\EQ_tag_box=\box64
\g_EQ_temprow_int=\count182
)
(/usr/share/texlive/texmf-dist/tex/latex/xifthen/xifthen.sty
Package: xifthen 2015/11/05 v1.4.0 Extended ifthen features

(/usr/share/texlive/texmf-dist/tex/latex/ifmtarg/ifmtarg.sty
Package: ifmtarg 2009/09/02 v1.2a check for an empty argument
))
\figureheight=\skip93
\figurewidth=\skip94

(/usr/share/texlive/texmf-dist/tex/latex/wrapfig/wrapfig.sty
\wrapoverhang=\dimen278
\WF@size=\dimen279
\c@WF@wrappedlines=\count183
\WF@box=\box65
\WF@everypar=\toks48
Package: wrapfig 2003/01/31  v 3.6
)
(/usr/share/texlive/texmf-dist/tex/latex/booktabs/booktabs.sty
Package: booktabs 2005/04/14 v1.61803 publication quality tables
\heavyrulewidth=\dimen280
\lightrulewidth=\dimen281
\cmidrulewidth=\dimen282
\belowrulesep=\dimen283
\belowbottomsep=\dimen284
\aboverulesep=\dimen285
\abovetopsep=\dimen286
\cmidrulesep=\dimen287
\cmidrulekern=\dimen288
\defaultaddspace=\dimen289
\@cmidla=\count184
\@cmidlb=\count185
\@aboverulesep=\dimen290
\@belowrulesep=\dimen291
\@thisruleclass=\count186
\@lastruleclass=\count187
\@thisrulewidth=\dimen292
)
(/usr/share/texlive/texmf-dist/tex/latex/enumitem/enumitem.sty
Package: enumitem 2011/09/28 v3.5.2 Customized lists
\labelindent=\skip95
\enit@outerparindent=\dimen293
\enit@toks=\toks49
\enit@inbox=\box66
\enitdp@description=\count188
)
(/usr/share/texlive/texmf-dist/tex/latex/psnfss/palatino.sty
Package: palatino 2005/04/12 PSNFSS-v9.2a (SPQR) 
)
(/usr/share/texlive/texmf-dist/tex/latex/kantlipsum/kantlipsum.sty
(/usr/share/texlive/texmf-dist/tex/latex/l3kernel/expl3.sty
Package: expl3 2016/01/19 v6377 L3 programming layer (loader) 

(/usr/share/texlive/texmf-dist/tex/latex/l3kernel/expl3-code.tex
Package: expl3 2016/01/19 v6377 L3 programming layer (code)
L3 Module: l3bootstrap 2016/01/01 v6339 L3 Bootstrap code
L3 Module: l3names 2015/12/21 v6328 L3 Namespace for primitives
L3 Module: l3basics 2015/11/22 v6315 L3 Basic definitions
L3 Module: l3expan 2015/09/10 v5983 L3 Argument expansion
L3 Module: l3tl 2015/09/29 v6121 L3 Token lists
L3 Module: l3str 2016/01/03 v6357 L3 Strings
L3 Module: l3seq 2015/08/05 v5777 L3 Sequences and stacks
L3 Module: l3int 2016/01/05 v6366 L3 Integers
\c_max_int=\count189
\l_tmpa_int=\count190
\l_tmpb_int=\count191
\g_tmpa_int=\count192
\g_tmpb_int=\count193
L3 Module: l3quark 2015/08/17 v5855 L3 Quarks
L3 Module: l3prg 2015/11/01 v6216 L3 Control structures
\g__prg_map_int=\count194
L3 Module: l3clist 2015/09/02 v5901 L3 Comma separated lists
L3 Module: l3token 2015/11/11 v6249 L3 Experimental token manipulation
L3 Module: l3prop 2016/01/05 v6366 L3 Property lists
L3 Module: l3msg 2015/09/28 v6113 L3 Messages
L3 Module: l3file 2015/12/03 v6317 L3 File and I/O operations
\l_iow_line_count_int=\count195
\l__iow_target_count_int=\count196
\l__iow_current_line_int=\count197
\l__iow_current_word_int=\count198
\l__iow_current_indentation_int=\count199
L3 Module: l3skip 2016/01/05 v6366 L3 Dimensions and skips
\c_zero_dim=\dimen294
\c_max_dim=\dimen295
\l_tmpa_dim=\dimen296
\l_tmpb_dim=\dimen297
\g_tmpa_dim=\dimen298
\g_tmpb_dim=\dimen299
\c_zero_skip=\skip96
\c_max_skip=\skip97
\l_tmpa_skip=\skip98
\l_tmpb_skip=\skip99
\g_tmpa_skip=\skip100
\g_tmpb_skip=\skip101
\c_zero_muskip=\muskip12
\c_max_muskip=\muskip13
\l_tmpa_muskip=\muskip14
\l_tmpb_muskip=\muskip15
\g_tmpa_muskip=\muskip16
\g_tmpb_muskip=\muskip17
L3 Module: l3keys 2015/11/17 v6284 L3 Key-value interfaces
\g__keyval_level_int=\count266
\l_keys_choice_int=\count267
L3 Module: l3fp 2015/08/25 v5890 L3 Floating points
\c__fp_leading_shift_int=\count268
\c__fp_middle_shift_int=\count269
\c__fp_trailing_shift_int=\count270
\c__fp_big_leading_shift_int=\count271
\c__fp_big_middle_shift_int=\count272
\c__fp_big_trailing_shift_int=\count273
\c__fp_Bigg_leading_shift_int=\count274
\c__fp_Bigg_middle_shift_int=\count275
\c__fp_Bigg_trailing_shift_int=\count276
L3 Module: l3box 2015/08/09 v5822 L3 Experimental boxes
\c_empty_box=\box67
\l_tmpa_box=\box68
\l_tmpb_box=\box69
\g_tmpa_box=\box70
\g_tmpb_box=\box71
L3 Module: l3coffins 2015/08/06 v5789 L3 Coffin code layer
\l__coffin_internal_box=\box72
\l__coffin_internal_dim=\dimen300
\l__coffin_offset_x_dim=\dimen301
\l__coffin_offset_y_dim=\dimen302
\l__coffin_x_dim=\dimen303
\l__coffin_y_dim=\dimen304
\l__coffin_x_prime_dim=\dimen305
\l__coffin_y_prime_dim=\dimen306
\c_empty_coffin=\box73
\l__coffin_aligned_coffin=\box74
\l__coffin_aligned_internal_coffin=\box75
\l_tmpa_coffin=\box76
\l_tmpb_coffin=\box77
\l__coffin_display_coffin=\box78
\l__coffin_display_coord_coffin=\box79
\l__coffin_display_pole_coffin=\box80
\l__coffin_display_offset_dim=\dimen307
\l__coffin_display_x_dim=\dimen308
\l__coffin_display_y_dim=\dimen309
L3 Module: l3color 2014/08/23 v5354 L3 Experimental color support
L3 Module: l3sys 2015/09/25 v6087 L3 Experimental system/runtime functions
L3 Module: l3candidates 2016/01/14 v6376 L3 Experimental additions to l3kernel
\l__box_top_dim=\dimen310
\l__box_bottom_dim=\dimen311
\l__box_left_dim=\dimen312
\l__box_right_dim=\dimen313
\l__box_top_new_dim=\dimen314
\l__box_bottom_new_dim=\dimen315
\l__box_left_new_dim=\dimen316
\l__box_right_new_dim=\dimen317
\l__box_internal_box=\box81
\l__coffin_bounding_shift_dim=\dimen318
\l__coffin_left_corner_dim=\dimen319
\l__coffin_right_corner_dim=\dimen320
\l__coffin_bottom_corner_dim=\dimen321
\l__coffin_top_corner_dim=\dimen322
\l__coffin_scaled_total_height_dim=\dimen323
\l__coffin_scaled_width_dim=\dimen324
L3 Module: l3luatex 2015/11/11 v6250 L3 Experimental LuaTeX-specific functions
)
(/usr/share/texlive/texmf-dist/tex/latex/l3kernel/l3pdfmode.def
File: l3pdfmode.def 2015/11/11 v6250 L3 Experimental driver: PDF mode
\l__driver_color_stack_int=\count277
))
Package: kantlipsum 2012/10/14 v0.6 Dummy text in Kantian style

(/usr/share/texlive/texmf-dist/tex/latex/l3packages/xparse/xparse.sty
Package: xparse 2016/01/19 v6377 L3 Experimental document command parser
\l__xparse_current_arg_int=\count278
\l__xparse_m_args_int=\count279
\l__xparse_mandatory_args_int=\count280
\l__xparse_processor_int=\count281
\l__xparse_v_nesting_int=\count282
)
\l_kgl_start_int=\count283
\l_kgl_end_int=\count284
.................................................
. LaTeX info: "xparse/define-command"
. 
. Defining command \kant with sig. 's>{\SplitArgument {1}{-}}O{1-7}' on line
. 86.
.................................................
.................................................
. LaTeX info: "xparse/define-command"
. 
. Defining command \kantdef with sig. 'mm' on line 101.
.................................................
.................................................
. kantlipsum info: "how-many"
. 
. The package provides paragraphs 1 to 164. Values outside this range will be
. ignored.
.................................................
)
(/usr/share/texlive/texmf-dist/tex/latex/etoolbox/etoolbox.sty
Package: etoolbox 2015/08/02 v2.2a e-TeX tools for LaTeX (JAW)
\etb@tempcnta=\count285
)
\c@remark=\count286

(/usr/share/texlive/texmf-dist/tex/latex/pgfplots/pgfplots.sty
(/usr/share/texlive/texmf-dist/tex/generic/pgfplots/pgfplots.revision.tex)
Package: pgfplots 2016/01/06 v1.13 Data Visualization (1.13)

(/usr/share/texlive/texmf-dist/tex/latex/pgf/frontendlayer/tikz.sty
(/usr/share/texlive/texmf-dist/tex/latex/pgf/basiclayer/pgf.sty
Package: pgf 2015/08/07 v3.0.1a (rcs-revision 1.15)

(/usr/share/texlive/texmf-dist/tex/generic/pgf/modules/pgfmoduleshapes.code.tex
File: pgfmoduleshapes.code.tex 2014/03/21  (rcs-revision 1.35)
\pgfnodeparttextbox=\box82
) (/usr/share/texlive/texmf-dist/tex/generic/pgf/modules/pgfmoduleplot.code.tex
File: pgfmoduleplot.code.tex 2015/08/03  (rcs-revision 1.13)
)
(/usr/share/texlive/texmf-dist/tex/latex/pgf/compatibility/pgfcomp-version-0-65
.sty
Package: pgfcomp-version-0-65 2007/07/03 v3.0.1a (rcs-revision 1.7)
\pgf@nodesepstart=\dimen325
\pgf@nodesepend=\dimen326
)
(/usr/share/texlive/texmf-dist/tex/latex/pgf/compatibility/pgfcomp-version-1-18
.sty
Package: pgfcomp-version-1-18 2007/07/23 v3.0.1a (rcs-revision 1.1)
)) (/usr/share/texlive/texmf-dist/tex/latex/pgf/utilities/pgffor.sty
(/usr/share/texlive/texmf-dist/tex/latex/pgf/utilities/pgfkeys.sty
(/usr/share/texlive/texmf-dist/tex/generic/pgf/utilities/pgfkeys.code.tex))
(/usr/share/texlive/texmf-dist/tex/latex/pgf/math/pgfmath.sty
(/usr/share/texlive/texmf-dist/tex/generic/pgf/math/pgfmath.code.tex))
(/usr/share/texlive/texmf-dist/tex/generic/pgf/utilities/pgffor.code.tex
Package: pgffor 2013/12/13 v3.0.1a (rcs-revision 1.25)

(/usr/share/texlive/texmf-dist/tex/generic/pgf/math/pgfmath.code.tex)
\pgffor@iter=\dimen327
\pgffor@skip=\dimen328
\pgffor@stack=\toks50
\pgffor@toks=\toks51
))
(/usr/share/texlive/texmf-dist/tex/generic/pgf/frontendlayer/tikz/tikz.code.tex
Package: tikz 2015/08/07 v3.0.1a (rcs-revision 1.151)

(/usr/share/texlive/texmf-dist/tex/generic/pgf/libraries/pgflibraryplothandlers
.code.tex
File: pgflibraryplothandlers.code.tex 2013/08/31 v3.0.1a (rcs-revision 1.20)
\pgf@plot@mark@count=\count287
\pgfplotmarksize=\dimen329
)
\tikz@lastx=\dimen330
\tikz@lasty=\dimen331
\tikz@lastxsaved=\dimen332
\tikz@lastysaved=\dimen333
\tikzleveldistance=\dimen334
\tikzsiblingdistance=\dimen335
\tikz@figbox=\box83
\tikz@figbox@bg=\box84
\tikz@tempbox=\box85
\tikz@tempbox@bg=\box86
\tikztreelevel=\count288
\tikznumberofchildren=\count289
\tikznumberofcurrentchild=\count290
\tikz@fig@count=\count291

(/usr/share/texlive/texmf-dist/tex/generic/pgf/modules/pgfmodulematrix.code.tex
File: pgfmodulematrix.code.tex 2013/09/17  (rcs-revision 1.8)
\pgfmatrixcurrentrow=\count292
\pgfmatrixcurrentcolumn=\count293
\pgf@matrix@numberofcolumns=\count294
)
\tikz@expandcount=\count295

(/usr/share/texlive/texmf-dist/tex/generic/pgf/frontendlayer/tikz/libraries/tik
zlibrarytopaths.code.tex
File: tikzlibrarytopaths.code.tex 2008/06/17 v3.0.1a (rcs-revision 1.2)
)))
(/usr/share/texlive/texmf-dist/tex/generic/pgfplots/pgfplots.code.tex
(/usr/share/texlive/texmf-dist/tex/generic/pgfplots/pgfplotscore.code.tex
\t@pgfplots@toka=\toks52
\t@pgfplots@tokb=\toks53
\t@pgfplots@tokc=\toks54
\pgfplots@tmpa=\dimen336
\c@pgfplots@coordindex=\count296
\c@pgfplots@scanlineindex=\count297

(/usr/share/texlive/texmf-dist/tex/generic/pgfplots/sys/pgfplotssysgeneric.code
.tex))
(/usr/share/texlive/texmf-dist/tex/generic/pgfplots/libs/pgfplotslibrary.code.t
ex)
(/usr/share/texlive/texmf-dist/tex/generic/pgfplots/oldpgfcompatib/pgfplotsoldp
gfsupp_loader.code.tex
(/usr/share/texlive/texmf-dist/tex/generic/pgf/libraries/pgflibraryfpu.code.tex
)
Package pgfplots: loading complementary arithmetics for your pgf version...

(/usr/share/texlive/texmf-dist/tex/generic/pgfplots/oldpgfcompatib/pgfplotsoldp
gfsupp_pgflibraryfpu.code.tex)
(/usr/share/texlive/texmf-dist/tex/generic/pgfplots/oldpgfcompatib/pgfplotsoldp
gfsupp_pgfmathfloat.code.tex
\c@pgfmathroundto@lastzeros=\count298
))
(/usr/share/texlive/texmf-dist/tex/generic/pgfplots/util/pgfplotsutil.code.tex
(/usr/share/texlive/texmf-dist/tex/generic/pgfplots/liststructure/pgfplotslists
tructure.code.tex)
(/usr/share/texlive/texmf-dist/tex/generic/pgfplots/liststructure/pgfplotslists
tructureext.code.tex)
(/usr/share/texlive/texmf-dist/tex/generic/pgfplots/liststructure/pgfplotsarray
.code.tex
\c@pgfplotsarray@tmp=\count299
)
(/usr/share/texlive/texmf-dist/tex/generic/pgfplots/liststructure/pgfplotsmatri
x.code.tex)
(/usr/share/texlive/texmf-dist/tex/generic/pgfplots/numtable/pgfplotstableshare
d.code.tex
\c@pgfplotstable@counta=\count300
\t@pgfplotstable@a=\toks55
)
(/usr/share/texlive/texmf-dist/tex/generic/pgfplots/liststructure/pgfplotsdeque
.code.tex)
(/usr/share/texlive/texmf-dist/tex/generic/pgfplots/util/pgfplotsbinary.code.te
x
(/usr/share/texlive/texmf-dist/tex/generic/pgfplots/util/pgfplotsbinary.data.co
de.tex))
(/usr/share/texlive/texmf-dist/tex/generic/pgfplots/util/pgfplotsutil.verb.code
.tex)
(/usr/share/texlive/texmf-dist/tex/generic/pgfplots/libs/pgflibrarypgfplots.sur
fshading.code.tex
\c@pgfplotslibrarysurf@no=\count301

(/usr/share/texlive/texmf-dist/tex/generic/pgfplots/sys/pgflibrarypgfplots.surf
shading.pgfsys-pdftex.def)))
(/usr/share/texlive/texmf-dist/tex/generic/pgfplots/util/pgfplotscolormap.code.
tex
(/usr/share/texlive/texmf-dist/tex/generic/pgfplots/util/pgfplotscolor.code.tex
))
(/usr/share/texlive/texmf-dist/tex/generic/pgfplots/pgfplotsstackedplots.code.t
ex)
(/usr/share/texlive/texmf-dist/tex/generic/pgfplots/pgfplotsplothandlers.code.t
ex
(/usr/share/texlive/texmf-dist/tex/generic/pgfplots/pgfplotsmeshplothandler.cod
e.tex
(/usr/share/texlive/texmf-dist/tex/generic/pgfplots/pgfplotsmeshplotimage.code.
tex)))
(/usr/share/texlive/texmf-dist/tex/generic/pgfplots/pgfplots.scaling.code.tex)
(/usr/share/texlive/texmf-dist/tex/generic/pgfplots/pgfplotscoordprocessing.cod
e.tex)
(/usr/share/texlive/texmf-dist/tex/generic/pgfplots/pgfplots.errorbars.code.tex
) (/usr/share/texlive/texmf-dist/tex/generic/pgfplots/pgfplots.markers.code.tex
) (/usr/share/texlive/texmf-dist/tex/generic/pgfplots/pgfplotsticks.code.tex)
(/usr/share/texlive/texmf-dist/tex/generic/pgfplots/pgfplots.paths.code.tex)
(/usr/share/texlive/texmf-dist/tex/generic/pgf/frontendlayer/tikz/libraries/tik
zlibrarydecorations.code.tex
(/usr/share/texlive/texmf-dist/tex/generic/pgf/modules/pgfmoduledecorations.cod
e.tex
\pgfdecoratedcompleteddistance=\dimen337
\pgfdecoratedremainingdistance=\dimen338
\pgfdecoratedinputsegmentcompleteddistance=\dimen339
\pgfdecoratedinputsegmentremainingdistance=\dimen340
\pgf@decorate@distancetomove=\dimen341
\pgf@decorate@repeatstate=\count302
\pgfdecorationsegmentamplitude=\dimen342
\pgfdecorationsegmentlength=\dimen343
)
\tikz@lib@dec@box=\box87
)
(/usr/share/texlive/texmf-dist/tex/generic/pgf/frontendlayer/tikz/libraries/tik
zlibrarydecorations.pathmorphing.code.tex
(/usr/share/texlive/texmf-dist/tex/generic/pgf/libraries/decorations/pgflibrary
decorations.pathmorphing.code.tex))
(/usr/share/texlive/texmf-dist/tex/generic/pgf/frontendlayer/tikz/libraries/tik
zlibrarydecorations.pathreplacing.code.tex
(/usr/share/texlive/texmf-dist/tex/generic/pgf/libraries/decorations/pgflibrary
decorations.pathreplacing.code.tex))
\pgfplots@numplots=\count303
\pgfplots@xmin@reg=\dimen344
\pgfplots@xmax@reg=\dimen345
\pgfplots@ymin@reg=\dimen346
\pgfplots@ymax@reg=\dimen347
\pgfplots@zmin@reg=\dimen348
\pgfplots@zmax@reg=\dimen349
)
(/usr/share/texlive/texmf-dist/tex/generic/pgf/frontendlayer/tikz/libraries/tik
zlibraryplotmarks.code.tex
File: tikzlibraryplotmarks.code.tex 2008/01/09 v3.0.1a (rcs-revision 1.1)

(/usr/share/texlive/texmf-dist/tex/generic/pgf/libraries/pgflibraryplotmarks.co
de.tex
File: pgflibraryplotmarks.code.tex 2015/08/03 v3.0.1a (rcs-revision 1.14)
)))
.................................................
. LaTeX info: "xparse/define-command"
. 
. Defining command \ais with sig. 'm m m ' on line 175.
.................................................
.................................................
. LaTeX info: "xparse/define-command"
. 
. Defining command \bis with sig. 'm m m ' on line 176.
.................................................
.................................................
. LaTeX info: "xparse/define-command"
. 
. Defining command \cis with sig. 'm m m ' on line 177.
.................................................
.................................................
. LaTeX info: "xparse/redefine-command"
. 
. Redefining command \ais with sig. 'm m m ' on line 183.
.................................................
.................................................
. LaTeX info: "xparse/redefine-command"
. 
. Redefining command \bis with sig. 'm m m ' on line 184.
.................................................
.................................................
. LaTeX info: "xparse/redefine-command"
. 
. Redefining command \cis with sig. 'm m m ' on line 185.
.................................................
 (/usr/share/texlive/texmf-dist/tex/latex/tools/multicol.sty
Package: multicol 2015/08/19 v1.8n multicolumn formatting (FMi)
\c@tracingmulticols=\count304
\mult@box=\box88
\multicol@leftmargin=\dimen350
\c@unbalance=\count305
\c@collectmore=\count306
\doublecol@number=\count307
\multicoltolerance=\count308
\multicolpretolerance=\count309
\full@width=\dimen351
\page@free=\dimen352
\premulticols=\dimen353
\postmulticols=\dimen354
\multicolsep=\skip102
\multicolbaselineskip=\skip103
\partial@page=\box89
\last@line=\box90
\maxbalancingoverflow=\dimen355
\mult@rightbox=\box91
\mult@grightbox=\box92
\mult@gfirstbox=\box93
\mult@firstbox=\box94
\@tempa=\box95
\@tempa=\box96
\@tempa=\box97
\@tempa=\box98
\@tempa=\box99
\@tempa=\box100
\@tempa=\box101
\@tempa=\box102
\@tempa=\box103
\@tempa=\box104
\@tempa=\box105
\@tempa=\box106
\@tempa=\box107
\@tempa=\box108
\@tempa=\box109
\@tempa=\box110
\@tempa=\box111
\c@columnbadness=\count310
\c@finalcolumnbadness=\count311
\last@try=\dimen356
\multicolovershoot=\dimen357
\multicolundershoot=\dimen358
\mult@nat@firstbox=\box112
\colbreak@box=\box113
\mc@col@check@num=\count312
)
(/usr/share/texlive/texmf-dist/tex/generic/pgf/frontendlayer/tikz/libraries/tik
zlibraryshapes.code.tex
File: tikzlibraryshapes.code.tex 2008/01/09 v3.0.1a (rcs-revision 1.1)

(/usr/share/texlive/texmf-dist/tex/generic/pgf/frontendlayer/tikz/libraries/tik
zlibraryshapes.geometric.code.tex
File: tikzlibraryshapes.geometric.code.tex 2008/01/09 v3.0.1a (rcs-revision 1.1
)

(/usr/share/texlive/texmf-dist/tex/generic/pgf/libraries/shapes/pgflibraryshape
s.geometric.code.tex
File: pgflibraryshapes.geometric.code.tex 2008/06/26 v3.0.1a (rcs-revision 1.1)

))
(/usr/share/texlive/texmf-dist/tex/generic/pgf/frontendlayer/tikz/libraries/tik
zlibraryshapes.misc.code.tex
File: tikzlibraryshapes.misc.code.tex 2008/01/09 v3.0.1a (rcs-revision 1.1)

(/usr/share/texlive/texmf-dist/tex/generic/pgf/libraries/shapes/pgflibraryshape
s.misc.code.tex
File: pgflibraryshapes.misc.code.tex 2013/07/18 v3.0.1a (rcs-revision 1.5)
))
(/usr/share/texlive/texmf-dist/tex/generic/pgf/frontendlayer/tikz/libraries/tik
zlibraryshapes.symbols.code.tex
File: tikzlibraryshapes.symbols.code.tex 2008/01/09 v3.0.1a (rcs-revision 1.1)

(/usr/share/texlive/texmf-dist/tex/generic/pgf/libraries/shapes/pgflibraryshape
s.symbols.code.tex
File: pgflibraryshapes.symbols.code.tex 2013/09/11 v3.0.1a (rcs-revision 1.6)
))
(/usr/share/texlive/texmf-dist/tex/generic/pgf/frontendlayer/tikz/libraries/tik
zlibraryshapes.arrows.code.tex
File: tikzlibraryshapes.arrows.code.tex 2008/01/09 v3.0.1a (rcs-revision 1.1)

(/usr/share/texlive/texmf-dist/tex/generic/pgf/libraries/shapes/pgflibraryshape
s.arrows.code.tex
File: pgflibraryshapes.arrows.code.tex 2008/06/26 v3.0.1a (rcs-revision 1.1)
))
(/usr/share/texlive/texmf-dist/tex/generic/pgf/frontendlayer/tikz/libraries/tik
zlibraryshapes.callouts.code.tex
(/usr/share/texlive/texmf-dist/tex/generic/pgf/libraries/shapes/pgflibraryshape
s.callouts.code.tex))
(/usr/share/texlive/texmf-dist/tex/generic/pgf/frontendlayer/tikz/libraries/tik
zlibraryshapes.multipart.code.tex
File: tikzlibraryshapes.multipart.code.tex 2008/01/09 v3.0.1a (rcs-revision 1.1
)

(/usr/share/texlive/texmf-dist/tex/generic/pgf/libraries/shapes/pgflibraryshape
s.multipart.code.tex
File: pgflibraryshapes.multipart.code.tex 2010/01/07 v3.0.1a (rcs-revision 1.2)

\pgfnodepartlowerbox=\box114
\pgfnodeparttwobox=\box115
\pgfnodepartthreebox=\box116
\pgfnodepartfourbox=\box117
\pgfnodeparttwentybox=\box118
\pgfnodepartnineteenbox=\box119
\pgfnodeparteighteenbox=\box120
\pgfnodepartseventeenbox=\box121
\pgfnodepartsixteenbox=\box122
\pgfnodepartfifteenbox=\box123
\pgfnodepartfourteenbox=\box124
\pgfnodepartthirteenbox=\box125
\pgfnodeparttwelvebox=\box126
\pgfnodepartelevenbox=\box127
\pgfnodeparttenbox=\box128
\pgfnodepartninebox=\box129
\pgfnodeparteightbox=\box130
\pgfnodepartsevenbox=\box131
\pgfnodepartsixbox=\box132
\pgfnodepartfivebox=\box133
)))
(/usr/share/texlive/texmf-dist/tex/generic/pgf/frontendlayer/tikz/libraries/tik
zlibraryarrows.code.tex
File: tikzlibraryarrows.code.tex 2008/01/09 v3.0.1a (rcs-revision 1.1)

(/usr/share/texlive/texmf-dist/tex/generic/pgf/libraries/pgflibraryarrows.code.
tex
File: pgflibraryarrows.code.tex 2013/09/23 v3.0.1a (rcs-revision 1.16)
\arrowsize=\dimen359
)) (/usr/share/texlive/texmf-dist/tex/latex/microtype/microtype.sty
Package: microtype 2013/05/23 v2.5a Micro-typographical refinements (RS)
\MT@toks=\toks56
\MT@count=\count313
LaTeX Info: Redefining \textls on input line 766.
\MT@outer@kern=\dimen360
LaTeX Info: Redefining \textmicrotypecontext on input line 1285.
\MT@listname@count=\count314

(/usr/share/texlive/texmf-dist/tex/latex/microtype/microtype-pdftex.def
File: microtype-pdftex.def 2013/05/23 v2.5a Definitions specific to pdftex (RS)

LaTeX Info: Redefining \lsstyle on input line 915.
LaTeX Info: Redefining \lslig on input line 915.
\MT@outer@space=\skip104
)
Package microtype Info: Loading configuration file microtype.cfg.

(/usr/share/texlive/texmf-dist/tex/latex/microtype/microtype.cfg
File: microtype.cfg 2013/05/23 v2.5a microtype main configuration file (RS)
))

Package hyperref Warning: Token not allowed in a PDF string (PDFDocEncoding):
(hyperref)                removing `math shift' on input line 252.


Package hyperref Warning: Token not allowed in a PDF string (PDFDocEncoding):
(hyperref)                removing `superscript' on input line 252.


Package hyperref Warning: Token not allowed in a PDF string (PDFDocEncoding):
(hyperref)                removing `math shift' on input line 252.


Package hyperref Warning: Token not allowed in a PDF string (PDFDocEncoding):
(hyperref)                removing `math shift' on input line 252.


Package hyperref Warning: Token not allowed in a PDF string (PDFDocEncoding):
(hyperref)                removing `superscript' on input line 252.


Package hyperref Warning: Token not allowed in a PDF string (PDFDocEncoding):
(hyperref)                removing `math shift' on input line 252.


Package hyperref Warning: Token not allowed in a PDF string (PDFDocEncoding):
(hyperref)                removing `\\' on input line 252.


Package hyperref Warning: Token not allowed in a PDF string (PDFDocEncoding):
(hyperref)                removing `math shift' on input line 252.


Package hyperref Warning: Token not allowed in a PDF string (PDFDocEncoding):
(hyperref)                removing `superscript' on input line 252.


Package hyperref Warning: Token not allowed in a PDF string (PDFDocEncoding):
(hyperref)                removing `math shift' on input line 252.


Package hyperref Warning: Token not allowed in a PDF string (PDFDocEncoding):
(hyperref)                removing `math shift' on input line 252.


Package hyperref Warning: Token not allowed in a PDF string (PDFDocEncoding):
(hyperref)                removing `superscript' on input line 252.


Package hyperref Warning: Token not allowed in a PDF string (PDFDocEncoding):
(hyperref)                removing `math shift' on input line 252.

(./MRS.aux)
\openout1 = `MRS.aux'.

LaTeX Font Info:    Checking defaults for OML/cmm/m/it on input line 298.
LaTeX Font Info:    ... okay on input line 298.
LaTeX Font Info:    Checking defaults for T1/cmr/m/n on input line 298.
LaTeX Font Info:    ... okay on input line 298.
LaTeX Font Info:    Checking defaults for OT1/cmr/m/n on input line 298.
LaTeX Font Info:    ... okay on input line 298.
LaTeX Font Info:    Checking defaults for OMS/cmsy/m/n on input line 298.
LaTeX Font Info:    ... okay on input line 298.
LaTeX Font Info:    Checking defaults for OMX/cmex/m/n on input line 298.
LaTeX Font Info:    ... okay on input line 298.
LaTeX Font Info:    Checking defaults for U/cmr/m/n on input line 298.
LaTeX Font Info:    ... okay on input line 298.
LaTeX Font Info:    Checking defaults for PD1/pdf/m/n on input line 298.
LaTeX Font Info:    ... okay on input line 298.
LaTeX Font Info:    Try loading font information for OT1+phv on input line 298.

 (/usr/share/texlive/texmf-dist/tex/latex/psnfss/ot1phv.fd
File: ot1phv.fd 2001/06/04 scalable font definitions for OT1/phv.
)
*geometry* driver: auto-detecting
*geometry* detected driver: pdftex
*geometry* verbose mode - [ preamble ] result:
* driver: pdftex
* paper: custom
* layout: <same size as paper>
* layoutoffset:(h,v)=(0.0pt,0.0pt)
* modes: includehead includefoot 
* h-part:(L,W,R)=(10.95003pt, 342.2953pt, 10.95003pt)
* v-part:(T,H,B)=(0.0pt, 273.14662pt, 0.0pt)
* \paperwidth=364.19536pt
* \paperheight=273.14662pt
* \textwidth=342.2953pt
* \textheight=244.6939pt
* \oddsidemargin=-61.31996pt
* \evensidemargin=-61.31996pt
* \topmargin=-72.26999pt
* \headheight=14.22636pt
* \headsep=0.0pt
* \topskip=11.0pt
* \footskip=14.22636pt
* \marginparwidth=4.0pt
* \marginparsep=10.0pt
* \columnsep=16.42503pt
* \skip\footins=10.0pt plus 4.0pt minus 2.0pt
* \hoffset=0.0pt
* \voffset=0.0pt
* \mag=1000
* \@twocolumnfalse
* \@twosidefalse
* \@mparswitchfalse
* \@reversemarginfalse
* (1in=72.27pt=25.4mm, 1cm=28.453pt)

(/usr/share/texlive/texmf-dist/tex/context/base/supp-pdf.mkii
[Loading MPS to PDF converter (version 2006.09.02).]
\scratchcounter=\count315
\scratchdimen=\dimen361
\scratchbox=\box134
\nofMPsegments=\count316
\nofMParguments=\count317
\everyMPshowfont=\toks57
\MPscratchCnt=\count318
\MPscratchDim=\dimen362
\MPnumerator=\count319
\makeMPintoPDFobject=\count320
\everyMPtoPDFconversion=\toks58
) (/usr/share/texlive/texmf-dist/tex/latex/oberdiek/epstopdf-base.sty
Package: epstopdf-base 2010/02/09 v2.5 Base part for package epstopdf

(/usr/share/texlive/texmf-dist/tex/latex/oberdiek/grfext.sty
Package: grfext 2010/08/19 v1.1 Manage graphics extensions (HO)
)
Package grfext Info: Graphics extension search list:
(grfext)             [.png,.pdf,.jpg,.mps,.jpeg,.jbig2,.jb2,.PNG,.PDF,.JPG,.JPE
G,.JBIG2,.JB2,.eps]
(grfext)             \AppendGraphicsExtensions on input line 452.

(/usr/share/texlive/texmf-dist/tex/latex/latexconfig/epstopdf-sys.cfg
File: epstopdf-sys.cfg 2010/07/13 v1.3 Configuration of (r)epstopdf for TeX Liv
e
))
ABD: EveryShipout initializing macros
\AtBeginShipoutBox=\box135
Package hyperref Info: Link coloring OFF on input line 298.

(/usr/share/texlive/texmf-dist/tex/latex/hyperref/nameref.sty
Package: nameref 2012/10/27 v2.43 Cross-referencing by name of section

(/usr/share/texlive/texmf-dist/tex/generic/oberdiek/gettitlestring.sty
Package: gettitlestring 2010/12/03 v1.4 Cleanup title references (HO)
)
\c@section@level=\count321
)
LaTeX Info: Redefining \ref on input line 298.
LaTeX Info: Redefining \pageref on input line 298.
LaTeX Info: Redefining \nameref on input line 298.

(./MRS.out) (./MRS.out)
\@outlinefile=\write5
\openout5 = `MRS.out'.

LaTeX Font Info:    Overwriting symbol font `operators' in version `normal'
(Font)                  OT1/cmr/m/n --> OT1/cmss/m/n on input line 298.
LaTeX Font Info:    Overwriting symbol font `operators' in version `bold'
(Font)                  OT1/cmr/bx/n --> OT1/cmss/bx/n on input line 298.
\symnumbers=\mathgroup6
\sympureletters=\mathgroup7
LaTeX Font Info:    Overwriting math alphabet `\mathrm' in version `normal'
(Font)                  OT1/cmss/m/n --> OT1/ppl/m/n on input line 298.
LaTeX Font Info:    Redeclaring math alphabet \mathbf on input line 298.
LaTeX Font Info:    Overwriting math alphabet `\mathbf' in version `normal'
(Font)                  OT1/cmr/bx/n --> OT1/phv/bx/n on input line 298.
LaTeX Font Info:    Overwriting math alphabet `\mathbf' in version `bold'
(Font)                  OT1/cmr/bx/n --> OT1/phv/bx/n on input line 298.
LaTeX Font Info:    Redeclaring math alphabet \mathsf on input line 298.
LaTeX Font Info:    Overwriting math alphabet `\mathsf' in version `normal'
(Font)                  OT1/cmss/m/n --> OT1/phv/m/n on input line 298.
LaTeX Font Info:    Overwriting math alphabet `\mathsf' in version `bold'
(Font)                  OT1/cmss/bx/n --> OT1/phv/m/n on input line 298.
LaTeX Font Info:    Redeclaring math alphabet \mathit on input line 298.
LaTeX Font Info:    Overwriting math alphabet `\mathit' in version `normal'
(Font)                  OT1/cmr/m/it --> OT1/phv/m/it on input line 298.
LaTeX Font Info:    Overwriting math alphabet `\mathit' in version `bold'
(Font)                  OT1/cmr/bx/it --> OT1/phv/m/it on input line 298.
LaTeX Font Info:    Redeclaring math alphabet \mathtt on input line 298.
LaTeX Font Info:    Overwriting math alphabet `\mathtt' in version `normal'
(Font)                  OT1/cmtt/m/n --> OT1/pcr/m/n on input line 298.
LaTeX Font Info:    Overwriting math alphabet `\mathtt' in version `bold'
(Font)                  OT1/cmtt/m/n --> OT1/pcr/m/n on input line 298.
LaTeX Font Info:    Overwriting symbol font `numbers' in version `bold'
(Font)                  OT1/phv/m/n --> OT1/phv/bx/n on input line 298.
LaTeX Font Info:    Overwriting symbol font `pureletters' in version `bold'
(Font)                  OT1/phv/m/it --> OT1/phv/bx/it on input line 298.
LaTeX Font Info:    Overwriting math alphabet `\mathrm' in version `bold'
(Font)                  OT1/cmss/bx/n --> OT1/ppl/bx/n on input line 298.
LaTeX Font Info:    Overwriting math alphabet `\mathbf' in version `bold'
(Font)                  OT1/phv/bx/n --> OT1/phv/bx/n on input line 298.
LaTeX Font Info:    Overwriting math alphabet `\mathsf' in version `bold'
(Font)                  OT1/phv/m/n --> OT1/phv/bx/n on input line 298.
LaTeX Font Info:    Overwriting math alphabet `\mathit' in version `bold'
(Font)                  OT1/phv/m/it --> OT1/phv/bx/it on input line 298.
LaTeX Font Info:    Overwriting math alphabet `\mathtt' in version `bold'
(Font)                  OT1/pcr/m/n --> OT1/pcr/bx/n on input line 298.

(/usr/share/texlive/texmf-dist/tex/latex/beamer/translator/dicts/translator-bas
ic-dictionary/translator-basic-dictionary-English.dict
Dictionary: translator-basic-dictionary, Language: English 
)
(/usr/share/texlive/texmf-dist/tex/latex/beamer/translator/dicts/translator-bib
liography-dictionary/translator-bibliography-dictionary-English.dict
Dictionary: translator-bibliography-dictionary, Language: English 
)
(/usr/share/texlive/texmf-dist/tex/latex/beamer/translator/dicts/translator-env
ironment-dictionary/translator-environment-dictionary-English.dict
Dictionary: translator-environment-dictionary, Language: English 
)
(/usr/share/texlive/texmf-dist/tex/latex/beamer/translator/dicts/translator-mon
ths-dictionary/translator-months-dictionary-English.dict
Dictionary: translator-months-dictionary, Language: English 
)
(/usr/share/texlive/texmf-dist/tex/latex/beamer/translator/dicts/translator-num
bers-dictionary/translator-numbers-dictionary-English.dict
Dictionary: translator-numbers-dictionary, Language: English 
)
(/usr/share/texlive/texmf-dist/tex/latex/beamer/translator/dicts/translator-the
orem-dictionary/translator-theorem-dictionary-English.dict
Dictionary: translator-theorem-dictionary, Language: English 
)
LaTeX Info: Redefining \includegraphics on input line 298.
Package caption Info: Begin \AtBeginDocument code.
Package caption Info: subfig package v1.3 is loaded.
Package caption Info: float package is loaded.
Package caption Info: wrapfig package is loaded.
Package caption Info: End \AtBeginDocument code.

Package pgfplots notification 'compat/show suggested version=true': document ha
s been generated with the most recent feature set (\pgfplotsset{compat=1.13}).

LaTeX Info: Redefining \microtypecontext on input line 298.
Package microtype Info: Generating PDF output.
Package microtype Info: Character protrusion enabled (level 2).
Package microtype Info: Using default protrusion set `alltext'.
Package microtype Info: Automatic font expansion enabled (level 2),
(microtype)             stretch: 20, shrink: 20, step: 1, non-selected.
Package microtype Info: Using default expansion set `basictext'.
Package microtype Info: No adjustment of tracking.
Package microtype Info: No adjustment of interword spacing.
Package microtype Info: No adjustment of character kerning.
Package microtype Info: Loading generic settings for font family
(microtype)             `phv' (encoding: OT1).
(microtype)             For optimal results, create family-specific settings.
(microtype)             See the microtype manual for details.
(./MRS.nav)
Package microtype Info: Loading generic settings for font family
(microtype)             `cmss' (encoding: OT1).
(microtype)             For optimal results, create family-specific settings.
(microtype)             See the microtype manual for details.
LaTeX Font Info:    Try loading font information for U+msa on input line 298.
 (/usr/share/texlive/texmf-dist/tex/latex/amsfonts/umsa.fd
File: umsa.fd 2013/01/14 v3.01 AMS symbols A
)
(/usr/share/texlive/texmf-dist/tex/latex/microtype/mt-msa.cfg
File: mt-msa.cfg 2006/02/04 v1.1 microtype config. file: AMS symbols (a) (RS)
)
LaTeX Font Info:    Try loading font information for U+msb on input line 298.

(/usr/share/texlive/texmf-dist/tex/latex/amsfonts/umsb.fd
File: umsb.fd 2013/01/14 v3.01 AMS symbols B
)
(/usr/share/texlive/texmf-dist/tex/latex/microtype/mt-msb.cfg
File: mt-msb.cfg 2005/06/01 v1.0 microtype config. file: AMS symbols (b) (RS)
)
LaTeX Font Info:    Font shape `OT1/phv/m/it' in size <6> not available
(Font)              Font shape `OT1/phv/m/sl' tried instead on input line 298.
LaTeX Font Info:    Font shape `OT1/phv/m/it' in size <5> not available
(Font)              Font shape `OT1/phv/m/sl' tried instead on input line 298.

Overfull \hbox (458.16502pt too wide) in paragraph at lines 298--298
 [][]  \OT1/phv/m/n/6 ([])  
 []


Overfull \hbox (113.52989pt too wide) in paragraph at lines 298--298
 [][][][]  
 []

LaTeX Font Info:    Font shape `OT1/phv/m/it' in size <10.95> not available
(Font)              Font shape `OT1/phv/m/sl' tried instead on input line 303.
LaTeX Font Info:    Font shape `OT1/phv/m/it' in size <8> not available
(Font)              Font shape `OT1/phv/m/sl' tried instead on input line 303.

Overfull \hbox (458.16502pt too wide) has occurred while \output is active
 [][]  \OT1/phv/m/n/6 ([])  
 []


Overfull \hbox (113.52989pt too wide) has occurred while \output is active
 [][][][]  
 []

[1

{/var/lib/texmf/fonts/map/pdftex/updmap/pdftex.map}] (./MRS.toc)
Overfull \hbox (458.16502pt too wide) has occurred while \output is active
 [][]  \OT1/phv/m/n/6 ([])  
 []


Overfull \hbox (113.52989pt too wide) has occurred while \output is active
 [][][][]  
 []

[2

] <figs/scenario_robots3.png, id=125, 891.8118pt x 235.1184pt>
File: figs/scenario_robots3.png Graphic file (type png)

<use figs/scenario_robots3.png>
Package pdftex.def Info: figs/scenario_robots3.png used on input line 389.
(pdftex.def)             Requested size: 219.06877pt x 57.75339pt.

<figs/target_tracking.png, id=127, 327.1422pt x 251.9814pt>
File: figs/target_tracking.png Graphic file (type png)

<use figs/target_tracking.png>
Package pdftex.def Info: figs/target_tracking.png used on input line 389.
(pdftex.def)             Requested size: 112.95807pt x 87.00287pt.

<figs/ff_drones.jpg, id=128, 321.2pt x 228.855pt>
File: figs/ff_drones.jpg Graphic file (type jpg)
 <use figs/ff_drones.jpg>
Package pdftex.def Info: figs/ff_drones.jpg used on input line 389.
(pdftex.def)             Requested size: 112.95807pt x 80.48108pt.

Overfull \hbox (11.2581pt too wide) in paragraph at lines 389--389
[]\OT1/phv/m/n/6 https://sites.google.com/a/ncsu.edu/firefighting- 
 []

<figs/objective.png, id=131, 474.573pt x 166.221pt>
File: figs/objective.png Graphic file (type png)
 <use figs/objective.png>
Package pdftex.def Info: figs/objective.png used on input line 389.
(pdftex.def)             Requested size: 112.95807pt x 39.56158pt.

<figs/sdc.jpg, id=132, 470.7186pt x 369.7815pt>
File: figs/sdc.jpg Graphic file (type jpg)
 <use figs/sdc.jpg>
Package pdftex.def Info: figs/sdc.jpg used on input line 389.
(pdftex.def)             Requested size: 116.37914pt x 91.42386pt.

Overfull \hbox (458.16502pt too wide) has occurred while \output is active
 [][]  \OT1/phv/m/n/6 ([])  
 []


Overfull \hbox (113.52989pt too wide) has occurred while \output is active
 [][][][]  
 []

[3

 <./figs/scenario_robots3.png> <./figs/target_tracking.png> <./figs/ff_drones.j
pg> <./figs/objective.png> <./figs/sdc.jpg>]
<figs/synopsis5.png, id=171, 1316.117pt x 701.019pt>
File: figs/synopsis5.png Graphic file (type png)
 <use figs/synopsis5.png>
Package pdftex.def Info: figs/synopsis5.png used on input line 397.
(pdftex.def)             Requested size: 342.2953pt x 182.31412pt.

Overfull \hbox (458.16502pt too wide) has occurred while \output is active
 [][]  \OT1/phv/m/n/6 ([])  
 []


Overfull \hbox (113.52989pt too wide) has occurred while \output is active
 [][][][]  
 []

[4

 <./figs/synopsis5.png>]
LaTeX Font Info:    Try loading font information for OT1+ppl on input line 482.


(/usr/share/texlive/texmf-dist/tex/latex/psnfss/ot1ppl.fd
File: ot1ppl.fd 2001/06/04 font definitions for OT1/ppl.
)
(/usr/share/texlive/texmf-dist/tex/latex/microtype/mt-ppl.cfg
File: mt-ppl.cfg 2005/11/16 v1.6 microtype config. file: Palatino (RS)
)
LaTeX Font Info:    Font shape `OT1/phv/bx/n' in size <10.95> not available
(Font)              Font shape `OT1/phv/b/n' tried instead on input line 482.
LaTeX Font Info:    Font shape `OT1/phv/bx/n' in size <8> not available
(Font)              Font shape `OT1/phv/b/n' tried instead on input line 482.
LaTeX Font Info:    Font shape `OT1/phv/bx/n' in size <6> not available
(Font)              Font shape `OT1/phv/b/n' tried instead on input line 482.


LaTeX Font Warning: Command \tiny invalid in math mode on input line 482.


LaTeX Font Warning: Command \tiny invalid in math mode on input line 482.

LaTeX Font Info:    Font shape `OT1/phv/bx/it' in size <10.95> not available
(Font)              Font shape `OT1/phv/b/it' tried instead on input line 482.
LaTeX Font Info:    Font shape `OT1/phv/b/it' in size <10.95> not available
(Font)              Font shape `OT1/phv/b/sl' tried instead on input line 482.
LaTeX Font Info:    Font shape `OT1/phv/bx/it' in size <8> not available
(Font)              Font shape `OT1/phv/b/it' tried instead on input line 482.
LaTeX Font Info:    Font shape `OT1/phv/b/it' in size <8> not available
(Font)              Font shape `OT1/phv/b/sl' tried instead on input line 482.
LaTeX Font Info:    Font shape `OT1/phv/bx/it' in size <6> not available
(Font)              Font shape `OT1/phv/b/it' tried instead on input line 482.
LaTeX Font Info:    Font shape `OT1/phv/b/it' in size <6> not available
(Font)              Font shape `OT1/phv/b/sl' tried instead on input line 482.

LaTeX Font Warning: Command \tiny invalid in math mode on input line 482.


LaTeX Font Warning: Command \tiny invalid in math mode on input line 482.


LaTeX Font Warning: Command \tiny invalid in math mode on input line 482.


LaTeX Font Warning: Command \tiny invalid in math mode on input line 482.


LaTeX Font Warning: Command \tiny invalid in math mode on input line 482.


LaTeX Font Warning: Command \tiny invalid in math mode on input line 482.


LaTeX Font Warning: Command \tiny invalid in math mode on input line 482.


LaTeX Font Warning: Command \tiny invalid in math mode on input line 482.


LaTeX Font Warning: Command \tiny invalid in math mode on input line 482.


LaTeX Font Warning: Command \tiny invalid in math mode on input line 482.


LaTeX Font Warning: Command \tiny invalid in math mode on input line 482.


LaTeX Font Warning: Command \tiny invalid in math mode on input line 482.


LaTeX Font Warning: Command \tiny invalid in math mode on input line 482.


LaTeX Font Warning: Command \tiny invalid in math mode on input line 482.


LaTeX Font Warning: Command \tiny invalid in math mode on input line 482.


LaTeX Font Warning: Command \tiny invalid in math mode on input line 482.


LaTeX Font Warning: Command \tiny invalid in math mode on input line 482.


LaTeX Font Warning: Command \tiny invalid in math mode on input line 482.


LaTeX Font Warning: Command \tiny invalid in math mode on input line 482.


LaTeX Font Warning: Command \tiny invalid in math mode on input line 482.


LaTeX Font Warning: Command \tiny invalid in math mode on input line 482.


LaTeX Font Warning: Command \tiny invalid in math mode on input line 482.


LaTeX Font Warning: Command \tiny invalid in math mode on input line 482.


LaTeX Font Warning: Command \tiny invalid in math mode on input line 482.


LaTeX Font Warning: Command \tiny invalid in math mode on input line 482.


LaTeX Font Warning: Command \tiny invalid in math mode on input line 482.


LaTeX Font Warning: Command \tiny invalid in math mode on input line 482.


LaTeX Font Warning: Command \tiny invalid in math mode on input line 482.

LaTeX Font Info:    Font shape `OT1/phv/bx/n' in size <5> not available
(Font)              Font shape `OT1/phv/b/n' tried instead on input line 482.

Overfull \hbox (458.16502pt too wide) has occurred while \output is active
 [][]  \OT1/phv/m/n/6 ([])  
 []


Overfull \hbox (113.52989pt too wide) has occurred while \output is active
 [][][][]  
 []

[5

]

LaTeX Font Warning: Command \tiny invalid in math mode on input line 583.


LaTeX Font Warning: Command \tiny invalid in math mode on input line 583.


LaTeX Font Warning: Command \tiny invalid in math mode on input line 583.


LaTeX Font Warning: Command \tiny invalid in math mode on input line 583.


LaTeX Font Warning: Command \tiny invalid in math mode on input line 583.


LaTeX Font Warning: Command \tiny invalid in math mode on input line 583.


LaTeX Font Warning: Command \tiny invalid in math mode on input line 583.


LaTeX Font Warning: Command \tiny invalid in math mode on input line 583.


LaTeX Font Warning: Command \tiny invalid in math mode on input line 583.


LaTeX Font Warning: Command \tiny invalid in math mode on input line 583.


LaTeX Font Warning: Command \tiny invalid in math mode on input line 583.


LaTeX Font Warning: Command \tiny invalid in math mode on input line 583.


LaTeX Font Warning: Command \tiny invalid in math mode on input line 583.


LaTeX Font Warning: Command \tiny invalid in math mode on input line 583.


LaTeX Font Warning: Command \tiny invalid in math mode on input line 583.


LaTeX Font Warning: Command \tiny invalid in math mode on input line 583.


LaTeX Font Warning: Command \tiny invalid in math mode on input line 583.


LaTeX Font Warning: Command \tiny invalid in math mode on input line 583.


LaTeX Font Warning: Command \tiny invalid in math mode on input line 583.


LaTeX Font Warning: Command \tiny invalid in math mode on input line 583.


LaTeX Font Warning: Command \tiny invalid in math mode on input line 583.


LaTeX Font Warning: Command \tiny invalid in math mode on input line 583.


LaTeX Font Warning: Command \tiny invalid in math mode on input line 583.


LaTeX Font Warning: Command \tiny invalid in math mode on input line 583.


LaTeX Font Warning: Command \tiny invalid in math mode on input line 583.


LaTeX Font Warning: Command \tiny invalid in math mode on input line 583.


LaTeX Font Warning: Command \tiny invalid in math mode on input line 583.


LaTeX Font Warning: Command \tiny invalid in math mode on input line 583.


LaTeX Font Warning: Command \tiny invalid in math mode on input line 583.


LaTeX Font Warning: Command \tiny invalid in math mode on input line 583.

<figs/drawing.png, id=235, 747.79375pt x 1056.94875pt>
File: figs/drawing.png Graphic file (type png)
 <use figs/drawing.png>
Package pdftex.def Info: figs/drawing.png used on input line 583.
(pdftex.def)             Requested size: 131.44072pt x 105.75896pt.

<figs/drawing2.png, id=237, 747.79375pt x 1056.94875pt>
File: figs/drawing2.png Graphic file (type png)

<use figs/drawing2.png>
Package pdftex.def Info: figs/drawing2.png used on input line 583.
(pdftex.def)             Requested size: 131.44072pt x 105.75896pt.

Overfull \vbox (9.84953pt too high) detected at line 583
 []


Overfull \hbox (458.16502pt too wide) has occurred while \output is active
 [][]  \OT1/phv/m/n/6 ([])  
 []


Overfull \hbox (113.52989pt too wide) has occurred while \output is active
 [][][][]  
 []

[6

 <./figs/drawing.png> <./figs/drawing2.png>]
LaTeX Font Info:    Font shape `OT1/phv/bx/n' in size <10> not available
(Font)              Font shape `OT1/phv/b/n' tried instead on input line 619.

Overfull \hbox (458.16502pt too wide) has occurred while \output is active
 [][]  \OT1/phv/m/n/6 ([])  
 []


Overfull \hbox (113.52989pt too wide) has occurred while \output is active
 [][][][]  
 []

[7

]

LaTeX Font Warning: Command \tiny invalid in math mode on input line 635.


LaTeX Font Warning: Command \tiny invalid in math mode on input line 635.


LaTeX Font Warning: Command \tiny invalid in math mode on input line 635.


LaTeX Font Warning: Command \tiny invalid in math mode on input line 635.


LaTeX Font Warning: Command \tiny invalid in math mode on input line 635.


LaTeX Font Warning: Command \tiny invalid in math mode on input line 635.


LaTeX Font Warning: Command \tiny invalid in math mode on input line 635.


LaTeX Font Warning: Command \tiny invalid in math mode on input line 635.


LaTeX Font Warning: Command \tiny invalid in math mode on input line 635.


LaTeX Font Warning: Command \tiny invalid in math mode on input line 635.


LaTeX Font Warning: Command \tiny invalid in math mode on input line 635.


LaTeX Font Warning: Command \tiny invalid in math mode on input line 635.


Overfull \hbox (458.16502pt too wide) has occurred while \output is active
 [][]  \OT1/phv/m/n/6 ([])  
 []


Overfull \hbox (113.52989pt too wide) has occurred while \output is active
 [][][][]  
 []

[8

] <figs/prior2.png, id=328, 559.691pt x 505.89pt>
File: figs/prior2.png Graphic file (type png)
 <use figs/prior2.png>
Package pdftex.def Info: figs/prior2.png used on input line 670.
(pdftex.def)             Requested size: 101.66156pt x 91.88222pt.

<figs/motion.png, id=329, 559.691pt x 505.89pt>
File: figs/motion.png Graphic file (type png)
 <use figs/motion.png>
Package pdftex.def Info: figs/motion.png used on input line 670.
(pdftex.def)             Requested size: 101.66156pt x 91.88222pt.

<figs/observation1.png, id=330, 559.691pt x 505.89pt>
File: figs/observation1.png Graphic file (type png)

<use figs/observation1.png>
Package pdftex.def Info: figs/observation1.png used on input line 670.
(pdftex.def)             Requested size: 101.66156pt x 91.88222pt.

<figs/observation2.png, id=331, 559.691pt x 505.89pt>
File: figs/observation2.png Graphic file (type png)

<use figs/observation2.png>
Package pdftex.def Info: figs/observation2.png used on input line 670.
(pdftex.def)             Requested size: 101.66156pt x 91.88222pt.
 <figs/posterior.png, id=332, 559.691pt x 505.89pt>
File: figs/posterior.png Graphic file (type png)

<use figs/posterior.png>
Package pdftex.def Info: figs/posterior.png used on input line 670.
(pdftex.def)             Requested size: 104.74051pt x 94.66887pt.

Overfull \hbox (458.16502pt too wide) has occurred while \output is active
 [][]  \OT1/phv/m/n/6 ([])  
 []


Overfull \hbox (113.52989pt too wide) has occurred while \output is active
 [][][][]  
 []

[9

 <./figs/prior2.png> <./figs/motion.png> <./figs/observation1.png> <./figs/obse
rvation2.png> <./figs/posterior.png>]
LaTeX Font Info:    Calculating math sizes for size <7.5> on input line 693.


LaTeX Font Warning: Font shape `OT1/cmss/m/n' in size <7.5> not available
(Font)              size <7> substituted on input line 693.


LaTeX Font Warning: Font shape `OT1/cmss/m/n' in size <3.75> not available
(Font)              size <5> substituted on input line 693.


LaTeX Font Warning: Font shape `OML/cmm/m/it' in size <7.5> not available
(Font)              size <7> substituted on input line 693.


LaTeX Font Warning: Font shape `OML/cmm/m/it' in size <3.75> not available
(Font)              size <5> substituted on input line 693.


LaTeX Font Warning: Font shape `OMS/cmsy/m/n' in size <7.5> not available
(Font)              size <7> substituted on input line 693.


LaTeX Font Warning: Font shape `OMS/cmsy/m/n' in size <3.75> not available
(Font)              size <5> substituted on input line 693.

LaTeX Font Info:    Font shape `OT1/phv/bx/n' in size <7.5> not available
(Font)              Font shape `OT1/phv/b/n' tried instead on input line 693.
LaTeX Font Info:    Font shape `OT1/phv/bx/n' in size <5.24997> not available
(Font)              Font shape `OT1/phv/b/n' tried instead on input line 693.
LaTeX Font Info:    Font shape `OT1/phv/bx/n' in size <3.75> not available
(Font)              Font shape `OT1/phv/b/n' tried instead on input line 693.
LaTeX Font Info:    Font shape `OT1/phv/m/it' in size <7.5> not available
(Font)              Font shape `OT1/phv/m/sl' tried instead on input line 693.
LaTeX Font Info:    Font shape `OT1/phv/m/it' in size <5.24997> not available
(Font)              Font shape `OT1/phv/m/sl' tried instead on input line 693.
LaTeX Font Info:    Font shape `OT1/phv/m/it' in size <3.75> not available
(Font)              Font shape `OT1/phv/m/sl' tried instead on input line 693.
<figs/graph.png, id=363, 566.918pt x 308.352pt>
File: figs/graph.png Graphic file (type png)
 <use figs/graph.png>
Package pdftex.def Info: figs/graph.png used on input line 693.
(pdftex.def)             Requested size: 171.14764pt x 93.08974pt.

Overfull \hbox (458.16502pt too wide) has occurred while \output is active
 [][]  \OT1/phv/m/n/6 ([])  
 []


Overfull \hbox (113.52989pt too wide) has occurred while \output is active
 [][][][]  
 []

[10

 <./figs/graph.png>]

LaTeX Font Warning: Command \tiny invalid in math mode on input line 707.


LaTeX Font Warning: Command \tiny invalid in math mode on input line 707.


Overfull \hbox (458.16502pt too wide) has occurred while \output is active
 [][]  \OT1/phv/m/n/6 ([])  
 []


Overfull \hbox (113.52989pt too wide) has occurred while \output is active
 [][][][]  
 []

[11

]
Overfull \hbox (458.16502pt too wide) has occurred while \output is active
 [][]  \OT1/phv/m/n/6 ([])  
 []


Overfull \hbox (113.52989pt too wide) has occurred while \output is active
 [][][][]  
 []

[12

]

Package amsmath Warning: Foreign command \over;
(amsmath)                \frac or \genfrac should be used instead
(amsmath)                 on input line 746.


Overfull \vbox (12.50206pt too high) detected at line 746
 []


Overfull \hbox (458.16502pt too wide) has occurred while \output is active
 [][]  \OT1/phv/m/n/6 ([])  
 []


Overfull \hbox (113.52989pt too wide) has occurred while \output is active
 [][][][]  
 []

[13

]
<figs/graph_for_distributed_averaging.png, id=476, 477.28313pt x 423.08063pt>
File: figs/graph_for_distributed_averaging.png Graphic file (type png)

<use figs/graph_for_distributed_averaging.png>
Package pdftex.def Info: figs/graph_for_distributed_averaging.png used on input
 line 780.
(pdftex.def)             Requested size: 85.57382pt x 66.11194pt.

<figs/values_for_dist_av.png, id=478, 858.20625pt x 635.37375pt>
File: figs/values_for_dist_av.png Graphic file (type png)

<use figs/values_for_dist_av.png>
Package pdftex.def Info: figs/values_for_dist_av.png used on input line 780.
(pdftex.def)             Requested size: 119.80283pt x 96.79362pt.

Overfull \hbox (458.16502pt too wide) has occurred while \output is active
 [][]  \OT1/phv/m/n/6 ([])  
 []


Overfull \hbox (113.52989pt too wide) has occurred while \output is active
 [][][][]  
 []

[14

 <./figs/graph_for_distributed_averaging.png (PNG copy)> <./figs/values_for_dis
t_av.png>]
Overfull \hbox (458.16502pt too wide) has occurred while \output is active
 [][]  \OT1/phv/m/n/6 ([])  
 []


Overfull \hbox (113.52989pt too wide) has occurred while \output is active
 [][][][]  
 []

[15

]
Overfull \hbox (458.16502pt too wide) has occurred while \output is active
 [][]  \OT1/phv/m/n/6 ([])  
 []


Overfull \hbox (113.52989pt too wide) has occurred while \output is active
 [][][][]  
 []

[16

]
Overfull \hbox (458.16502pt too wide) has occurred while \output is active
 [][]  \OT1/phv/m/n/6 ([])  
 []


Overfull \hbox (113.52989pt too wide) has occurred while \output is active
 [][][][]  
 []

[17

] <figs/scenario3.png, id=591, 750.002pt x 523.556pt>
File: figs/scenario3.png Graphic file (type png)

<use figs/scenario3.png>
Package pdftex.def Info: figs/scenario3.png used on input line 857.
(pdftex.def)             Requested size: 308.06367pt x 215.0508pt.

Overfull \hbox (458.16502pt too wide) has occurred while \output is active
 [][]  \OT1/phv/m/n/6 ([])  
 []


Overfull \hbox (113.52989pt too wide) has occurred while \output is active
 [][][][]  
 []

[18

 <./figs/scenario3.png>]
Overfull \vbox (4.52032pt too high) detected at line 891
 []


Overfull \hbox (458.16502pt too wide) has occurred while \output is active
 [][]  \OT1/phv/m/n/6 ([])  
 []


Overfull \hbox (113.52989pt too wide) has occurred while \output is active
 [][][][]  
 []

[19

]

LaTeX Font Warning: Command \tiny invalid in math mode on input line 937.


LaTeX Font Warning: Command \tiny invalid in math mode on input line 937.


LaTeX Font Warning: Command \tiny invalid in math mode on input line 937.


LaTeX Font Warning: Command \tiny invalid in math mode on input line 937.

LaTeX Font Info:    Try loading font information for OT1+pcr on input line 937.

(/usr/share/texlive/texmf-dist/tex/latex/psnfss/ot1pcr.fd
File: ot1pcr.fd 2001/06/04 font definitions for OT1/pcr.
)
LaTeX Font Info:    Font shape `OT1/pcr/m/it' in size <10.95> not available
(Font)              Font shape `OT1/pcr/m/sl' tried instead on input line 937.
Package microtype Info: Loading generic settings for font family
(microtype)             `pcr' (encoding: OT1).
(microtype)             For optimal results, create family-specific settings.
(microtype)             See the microtype manual for details.


LaTeX Font Warning: Command \tiny invalid in math mode on input line 937.


LaTeX Font Warning: Command \tiny invalid in math mode on input line 937.


LaTeX Font Warning: Command \tiny invalid in math mode on input line 937.


LaTeX Font Warning: Command \tiny invalid in math mode on input line 937.


LaTeX Font Warning: Command \tiny invalid in math mode on input line 937.


LaTeX Font Warning: Command \tiny invalid in math mode on input line 937.


LaTeX Font Warning: Command \tiny invalid in math mode on input line 937.


LaTeX Font Warning: Command \tiny invalid in math mode on input line 937.


LaTeX Font Warning: Command \tiny invalid in math mode on input line 937.


LaTeX Font Warning: Command \tiny invalid in math mode on input line 937.


LaTeX Font Warning: Command \tiny invalid in math mode on input line 937.


LaTeX Font Warning: Command \tiny invalid in math mode on input line 937.


LaTeX Font Warning: Command \tiny invalid in math mode on input line 937.


LaTeX Font Warning: Command \tiny invalid in math mode on input line 937.


LaTeX Font Warning: Command \tiny invalid in math mode on input line 937.


LaTeX Font Warning: Command \tiny invalid in math mode on input line 937.


LaTeX Font Warning: Command \tiny invalid in math mode on input line 937.


LaTeX Font Warning: Command \tiny invalid in math mode on input line 937.


LaTeX Font Warning: Command \tiny invalid in math mode on input line 937.


LaTeX Font Warning: Command \tiny invalid in math mode on input line 937.


Overfull \vbox (3.41914pt too high) detected at line 937
 []


Overfull \hbox (458.16502pt too wide) has occurred while \output is active
 [][]  \OT1/phv/m/n/6 ([])  
 []


Overfull \hbox (113.52989pt too wide) has occurred while \output is active
 [][][][]  
 []

[20

] <figs/exp1_Corrected2.pdf, id=674, 649.69624pt x 646.56755pt>
File: figs/exp1_Corrected2.pdf Graphic file (type pdf)

<use figs/exp1_Corrected2.pdf>
Package pdftex.def Info: figs/exp1_Corrected2.pdf used on input line 1017.
(pdftex.def)             Requested size: 118.09229pt x 117.52156pt.

<./figs/exp2.pdf, id=675, 369.038pt x 482.1065pt>
File: ./figs/exp2.pdf Graphic file (type pdf)
 <use ./figs/exp2.pdf>
Package pdftex.def Info: ./figs/exp2.pdf used on input line 1017.
(pdftex.def)             Requested size: 145.47653pt x 190.05112pt.

Overfull \hbox (458.16502pt too wide) has occurred while \output is active
 [][]  \OT1/phv/m/n/6 ([])  
 []


Overfull \hbox (113.52989pt too wide) has occurred while \output is active
 [][][][]  
 []

[21

 <./figs/exp2.pdf> <./figs/exp1_Corrected2.pdf

pdfTeX warning: /usr/bin/pdflatex (file ./figs/exp1_Corrected2.pdf): PDF inclus
ion: multiple pdfs with page group included in a single page
>]
<figs/perf_measures_NGMD_GMD_curve7_corrected.pdf, id=753, 354.40483pt x 357.35
76pt>
File: figs/perf_measures_NGMD_GMD_curve7_corrected.pdf Graphic file (type pdf)
 <use figs/perf_measures_NGMD_GMD_curve7_corrected.pdf>
Package pdftex.def Info: figs/perf_measures_NGMD_GMD_curve7_corrected.pdf used 
on input line 1038.
(pdftex.def)             Requested size: 136.91603pt x 138.06021pt.

Overfull \hbox (458.16502pt too wide) has occurred while \output is active
 [][]  \OT1/phv/m/n/6 ([])  
 []


Overfull \hbox (113.52989pt too wide) has occurred while \output is active
 [][][][]  
 []

[22

 <./figs/perf_measures_NGMD_GMD_curve7_corrected.pdf>] [23

] (./MRS.bbl
Missing character: There is no  in font phvr7t!
Missing character: There is no  in font phvr7t!
)
Overfull \hbox (458.16502pt too wide) has occurred while \output is active
 [][]  \OT1/phv/m/n/6 ([])  
 []


Overfull \hbox (113.52989pt too wide) has occurred while \output is active
 [][][][]  
 []

[24

]
Overfull \hbox (458.16502pt too wide) has occurred while \output is active
 [][]  \OT1/phv/m/n/6 ([])  
 []


Overfull \hbox (113.52989pt too wide) has occurred while \output is active
 [][][][]  
 []

[25


]
Overfull \hbox (458.16502pt too wide) has occurred while \output is active
 [][]  \OT1/phv/m/n/6 ([])  
 []


Overfull \hbox (113.52989pt too wide) has occurred while \output is active
 [][][][]  
 []

[26


]
Overfull \hbox (458.16502pt too wide) has occurred while \output is active
 [][]  \OT1/phv/m/n/6 ([])  
 []


Overfull \hbox (113.52989pt too wide) has occurred while \output is active
 [][][][]  
 []

[27


]
\tf@nav=\write6
\openout6 = `MRS.nav'.

\tf@toc=\write7
\openout7 = `MRS.toc'.

\tf@snm=\write8
\openout8 = `MRS.snm'.

Package atveryend Info: Empty hook `BeforeClearDocument' on input line 1058.
Package atveryend Info: Empty hook `AfterLastShipout' on input line 1058.
 (./MRS.aux)
Package atveryend Info: Executing hook `AtVeryEndDocument' on input line 1058.
Package atveryend Info: Executing hook `AtEndAfterFileList' on input line 1058.

Package rerunfilecheck Info: File `MRS.out' has not changed.
(rerunfilecheck)             Checksum: 5D342A9C74A1C58CDB283DAD33C22D91;516.


LaTeX Font Warning: Size substitutions with differences
(Font)              up to 1.25pt have occurred.

Package atveryend Info: Empty hook `AtVeryVeryEnd' on input line 1058.
 ) 
Here is how much of TeX's memory you used:
 45786 strings out of 494953
 1042588 string characters out of 6180977
 1458131 words of memory out of 5000000
 48028 multiletter control sequences out of 15000+600000
 75120 words of font info for 196 fonts, out of 8000000 for 9000
 14 hyphenation exceptions out of 8191
 68i,23n,105p,10404b,2309s stack positions out of 5000i,500n,10000p,200000b,80000s
{/usr/share/texlive/texmf-dist/fonts/enc/dvips/base/8r.enc}</usr/share/texliv
e/texmf-dist/fonts/type1/public/amsfonts/cmextra/cmbsy6.pfb></usr/share/texlive
/texmf-dist/fonts/type1/public/amsfonts/cm/cmex10.pfb></usr/share/texlive/texmf
-dist/fonts/type1/public/amsfonts/cmextra/cmex7.pfb></usr/share/texlive/texmf-d
ist/fonts/type1/public/amsfonts/cm/cmmi10.pfb></usr/share/texlive/texmf-dist/fo
nts/type1/public/amsfonts/cm/cmmi6.pfb></usr/share/texlive/texmf-dist/fonts/typ
e1/public/amsfonts/cm/cmmi7.pfb></usr/share/texlive/texmf-dist/fonts/type1/publ
ic/amsfonts/cm/cmmi8.pfb></usr/share/texlive/texmf-dist/fonts/type1/public/amsf
onts/cm/cmss10.pfb></usr/share/texlive/texmf-dist/fonts/type1/public/amsfonts/c
m/cmss8.pfb></usr/share/texlive/texmf-dist/fonts/type1/public/amsfonts/cm/cmsy1
0.pfb></usr/share/texlive/texmf-dist/fonts/type1/public/amsfonts/cm/cmsy5.pfb><
/usr/share/texlive/texmf-dist/fonts/type1/public/amsfonts/cm/cmsy6.pfb></usr/sh
are/texlive/texmf-dist/fonts/type1/public/amsfonts/cm/cmsy7.pfb></usr/share/tex
live/texmf-dist/fonts/type1/public/amsfonts/cm/cmsy8.pfb></usr/share/texlive/te
xmf-dist/fonts/type1/public/amsfonts/symbols/msam10.pfb></usr/share/texlive/tex
mf-dist/fonts/type1/urw/courier/ucrr8a.pfb></usr/share/texlive/texmf-dist/fonts
/type1/urw/courier/ucrro8a.pfb></usr/share/texlive/texmf-dist/fonts/type1/urw/h
elvetic/uhvb8a.pfb></usr/share/texlive/texmf-dist/fonts/type1/urw/helvetic/uhvb
o8a.pfb></usr/share/texlive/texmf-dist/fonts/type1/urw/helvetic/uhvr8a.pfb></us
r/share/texlive/texmf-dist/fonts/type1/urw/helvetic/uhvro8a.pfb></usr/share/tex
live/texmf-dist/fonts/type1/urw/palatino/uplr8a.pfb>
Output written on MRS.pdf (27 pages, 4243726 bytes).
PDF statistics:
 1014 PDF objects out of 1200 (max. 8388607)
 880 compressed objects within 9 object streams
 76 named destinations out of 1000 (max. 500000)
 58635 words of extra memory for PDF output out of 61914 (max. 10000000)

